2025-01-12T16:23:02.709+0100 INFO               [main]                         be.pxl.service.services.ReviewServiceTests - Starting ReviewServiceTests using Java 21.0.2 with PID 18156 (started by ianno in C:\Users\ianno\Desktop\PXL_IT\3eJaar\FullstackJava\project-IanNotermansPXL\backend-java\review-service)
2025-01-12T16:23:02.717+0100 DEBUG              [main]                         be.pxl.service.services.ReviewServiceTests - Running with Spring Boot v3.3.4, Spring v6.1.13
2025-01-12T16:23:02.718+0100 INFO               [main]                         be.pxl.service.services.ReviewServiceTests - No active profile set, falling back to 1 default profile: "default"
2025-01-12T16:23:15.615+0100 INFO               [main]                         be.pxl.service.services.ReviewServiceTests - Started ReviewServiceTests in 15.524 seconds (process running for 23.652)
2025-01-12T16:23:15.966+0100 INFO               [main]                         be.pxl.service.services.ReviewService - Finding post with id: 1
2025-01-12T16:23:15.971+0100 INFO               [main]                         be.pxl.service.services.ReviewService - Post with id: 1 found
2025-01-12T16:23:16.142+0100 INFO               [main]                         be.pxl.service.services.ReviewService - Finding post with id: 1
2025-01-12T16:23:16.142+0100 INFO               [main]                         be.pxl.service.services.ReviewService - Post with id: 1 found
2025-01-12T16:23:16.196+0100 INFO               [main]                         be.pxl.service.services.ReviewService - Finding post with id: 1
2025-01-12T16:23:16.197+0100 INFO               [main]                         be.pxl.service.services.ReviewService - Post with id: 1 found
2025-01-12T16:23:20.274+0100 INFO               [main]                         be.pxl.service.controller.ReviewControllerTests - Starting ReviewControllerTests using Java 21.0.2 with PID 18156 (started by ianno in C:\Users\ianno\Desktop\PXL_IT\3eJaar\FullstackJava\project-IanNotermansPXL\backend-java\review-service)
2025-01-12T16:23:20.275+0100 DEBUG              [main]                         be.pxl.service.controller.ReviewControllerTests - Running with Spring Boot v3.3.4, Spring v6.1.13
2025-01-12T16:23:20.275+0100 INFO               [main]                         be.pxl.service.controller.ReviewControllerTests - No active profile set, falling back to 1 default profile: "default"
2025-01-12T16:23:23.358+0100 INFO               [main]                         be.pxl.service.controller.ReviewControllerTests - Started ReviewControllerTests in 4.207 seconds (process running for 31.394)
2025-01-12T16:23:23.461+0100 INFO               [main]                         be.pxl.service.services.ReviewService - Finding post with id: 1
2025-01-12T16:23:23.491+0100 INFO               [main]                         be.pxl.service.services.ReviewService - Finding post with id: 1
2025-01-12T16:23:23.500+0100 INFO               [main]                         be.pxl.service.controller.ReviewController - User: testUser is not authorized to add a review
2025-01-12T16:23:23.523+0100 INFO               [main]                         be.pxl.service.services.ReviewService - Finding post with id: 1
2025-01-12T16:23:23.523+0100 INFO               [main]                         be.pxl.service.services.ReviewService - Post with id: 1 found
2025-01-12T17:57:14.048+0100 INFO               [main]                         be.pxl.service.services.ReviewServiceTests - Starting ReviewServiceTests using Java 21.0.2 with PID 33024 (started by ianno in C:\Users\ianno\Desktop\PXL_IT\3eJaar\FullstackJava\project\project-IanNotermansPXL\backend-java\review-service)
2025-01-12T17:57:14.050+0100 DEBUG              [main]                         be.pxl.service.services.ReviewServiceTests - Running with Spring Boot v3.3.4, Spring v6.1.13
2025-01-12T17:57:14.051+0100 INFO               [main]                         be.pxl.service.services.ReviewServiceTests - No active profile set, falling back to 1 default profile: "default"
2025-01-12T17:57:26.809+0100 INFO               [main]                         be.pxl.service.services.ReviewServiceTests - Started ReviewServiceTests in 15.355 seconds (process running for 22.838)
2025-01-12T17:57:27.083+0100 INFO               [main]                         be.pxl.service.services.ReviewService - Finding post with id: 1
2025-01-12T17:57:27.086+0100 INFO               [main]                         be.pxl.service.services.ReviewService - Post with id: 1 found
2025-01-12T17:57:27.246+0100 INFO               [main]                         be.pxl.service.services.ReviewService - Finding post with id: 1
2025-01-12T17:57:27.247+0100 INFO               [main]                         be.pxl.service.services.ReviewService - Post with id: 1 found
2025-01-12T17:57:27.290+0100 INFO               [main]                         be.pxl.service.services.ReviewService - Finding post with id: 1
2025-01-12T17:57:27.290+0100 INFO               [main]                         be.pxl.service.services.ReviewService - Post with id: 1 found
2025-01-12T17:57:31.254+0100 INFO               [main]                         be.pxl.service.controller.ReviewControllerTests - Starting ReviewControllerTests using Java 21.0.2 with PID 33024 (started by ianno in C:\Users\ianno\Desktop\PXL_IT\3eJaar\FullstackJava\project\project-IanNotermansPXL\backend-java\review-service)
2025-01-12T17:57:31.254+0100 DEBUG              [main]                         be.pxl.service.controller.ReviewControllerTests - Running with Spring Boot v3.3.4, Spring v6.1.13
2025-01-12T17:57:31.254+0100 INFO               [main]                         be.pxl.service.controller.ReviewControllerTests - No active profile set, falling back to 1 default profile: "default"
2025-01-12T17:57:34.225+0100 INFO               [main]                         be.pxl.service.controller.ReviewControllerTests - Started ReviewControllerTests in 4.098 seconds (process running for 30.255)
2025-01-12T17:57:34.322+0100 INFO               [main]                         be.pxl.service.services.ReviewService - Finding post with id: 1
2025-01-12T17:57:34.349+0100 INFO               [main]                         be.pxl.service.services.ReviewService - Finding post with id: 1
2025-01-12T17:57:34.359+0100 INFO               [main]                         be.pxl.service.controller.ReviewController - User: testUser is not authorized to add a review
2025-01-12T17:57:34.387+0100 INFO               [main]                         be.pxl.service.services.ReviewService - Finding post with id: 1
2025-01-12T17:57:34.388+0100 INFO               [main]                         be.pxl.service.services.ReviewService - Post with id: 1 found
2025-01-12T18:03:41.064+0100 INFO               [main]                         be.pxl.service.services.ReviewServiceTests - Starting ReviewServiceTests using Java 21.0.2 with PID 7688 (started by ianno in C:\Users\ianno\Desktop\PXL_IT\3eJaar\FullstackJava\project\project-IanNotermansPXL\backend-java\review-service)
2025-01-12T18:03:41.067+0100 DEBUG              [main]                         be.pxl.service.services.ReviewServiceTests - Running with Spring Boot v3.3.4, Spring v6.1.13
2025-01-12T18:03:41.068+0100 INFO               [main]                         be.pxl.service.services.ReviewServiceTests - No active profile set, falling back to 1 default profile: "default"
2025-01-12T18:03:56.100+0100 INFO               [main]                         be.pxl.service.services.ReviewServiceTests - Started ReviewServiceTests in 17.869 seconds (process running for 27.028)
2025-01-12T18:03:56.425+0100 INFO               [main]                         be.pxl.service.services.ReviewService - Finding post with id: 1
2025-01-12T18:03:56.429+0100 INFO               [main]                         be.pxl.service.services.ReviewService - Post with id: 1 found
2025-01-12T18:03:56.632+0100 INFO               [main]                         be.pxl.service.services.ReviewService - Finding post with id: 1
2025-01-12T18:03:56.633+0100 INFO               [main]                         be.pxl.service.services.ReviewService - Post with id: 1 found
2025-01-12T18:03:56.683+0100 INFO               [main]                         be.pxl.service.services.ReviewService - Finding post with id: 1
2025-01-12T18:03:56.684+0100 INFO               [main]                         be.pxl.service.services.ReviewService - Post with id: 1 found
2025-01-12T18:04:00.656+0100 INFO               [main]                         be.pxl.service.controller.ReviewControllerTests - Starting ReviewControllerTests using Java 21.0.2 with PID 7688 (started by ianno in C:\Users\ianno\Desktop\PXL_IT\3eJaar\FullstackJava\project\project-IanNotermansPXL\backend-java\review-service)
2025-01-12T18:04:00.657+0100 DEBUG              [main]                         be.pxl.service.controller.ReviewControllerTests - Running with Spring Boot v3.3.4, Spring v6.1.13
2025-01-12T18:04:00.657+0100 INFO               [main]                         be.pxl.service.controller.ReviewControllerTests - No active profile set, falling back to 1 default profile: "default"
2025-01-12T18:04:03.806+0100 INFO               [main]                         be.pxl.service.controller.ReviewControllerTests - Started ReviewControllerTests in 4.3 seconds (process running for 34.735)
2025-01-12T18:04:03.941+0100 INFO               [main]                         be.pxl.service.services.ReviewService - Finding post with id: 1
2025-01-12T18:04:03.981+0100 INFO               [main]                         be.pxl.service.services.ReviewService - Finding post with id: 1
2025-01-12T18:04:03.990+0100 INFO               [main]                         be.pxl.service.controller.ReviewController - User: testUser is not authorized to add a review
2025-01-12T18:04:04.019+0100 INFO               [main]                         be.pxl.service.services.ReviewService - Finding post with id: 1
2025-01-12T18:04:04.019+0100 INFO               [main]                         be.pxl.service.services.ReviewService - Post with id: 1 found
