2025-01-12T16:24:29.513+0100 INFO               [main]                         be.pxl.service.services.CommentServiceTests - Starting CommentServiceTests using Java 21.0.2 with PID 20360 (started by ianno in C:\Users\ianno\Desktop\PXL_IT\3eJaar\FullstackJava\project-IanNotermansPXL\backend-java\comment-service)
2025-01-12T16:24:29.525+0100 DEBUG              [main]                         be.pxl.service.services.CommentServiceTests - Running with Spring Boot v3.3.4, Spring v6.1.13
2025-01-12T16:24:29.527+0100 INFO               [main]                         be.pxl.service.services.CommentServiceTests - No active profile set, falling back to 1 default profile: "default"
2025-01-12T16:24:41.697+0100 INFO               [main]                         be.pxl.service.services.CommentServiceTests - Started CommentServiceTests in 15.25 seconds (process running for 24.719)
2025-01-12T16:24:46.639+0100 INFO               [main]                         be.pxl.service.controller.CommentControllerTests - Starting CommentControllerTests using Java 21.0.2 with PID 20360 (started by ianno in C:\Users\ianno\Desktop\PXL_IT\3eJaar\FullstackJava\project-IanNotermansPXL\backend-java\comment-service)
2025-01-12T16:24:46.639+0100 DEBUG              [main]                         be.pxl.service.controller.CommentControllerTests - Running with Spring Boot v3.3.4, Spring v6.1.13
2025-01-12T16:24:46.639+0100 INFO               [main]                         be.pxl.service.controller.CommentControllerTests - No active profile set, falling back to 1 default profile: "default"
2025-01-12T16:24:49.779+0100 INFO               [main]                         be.pxl.service.controller.CommentControllerTests - Started CommentControllerTests in 4.266 seconds (process running for 32.801)
2025-01-12T16:24:49.956+0100 INFO               [main]                         be.pxl.service.controller.CommentController - Updating comment with id: 1
2025-01-12T16:24:50.049+0100 INFO               [main]                         be.pxl.service.controller.CommentController - Adding new comment
2025-01-12T16:24:50.212+0100 INFO               [main]                         be.pxl.service.controller.CommentController - Deleting comment with id: 4
2025-01-12T16:24:50.216+0100 INFO               [main]                         be.pxl.service.controller.CommentController - be.pxl.service.exceptions.NotYourCommentException: You cannot delete a comment that is not yours
2025-01-12T16:24:50.249+0100 INFO               [main]                         be.pxl.service.controller.CommentController - Adding new comment
2025-01-12T16:24:50.250+0100 INFO               [main]                         be.pxl.service.controller.CommentController - Post with id: 1 not found
2025-01-12T16:24:50.290+0100 INFO               [main]                         be.pxl.service.controller.CommentController - Deleting comment with id: 6
2025-01-12T16:24:50.341+0100 INFO               [main]                         be.pxl.service.controller.CommentController - Updating comment with id: 7
2025-01-12T16:24:50.373+0100 INFO               [main]                         be.pxl.service.controller.CommentController - Updating comment with id: 8
2025-01-12T16:24:50.373+0100 ERROR              [main]                         be.pxl.service.controller.CommentController - An error occurred while updating comment with id: 8
2025-01-12T16:24:50.374+0100 ERROR              [main]                         be.pxl.service.controller.CommentController - java.lang.IllegalArgumentException: Comment text cannot be empty
2025-01-12T16:24:50.413+0100 INFO               [main]                         be.pxl.service.controller.CommentController - Deleting comment with id: 9
2025-01-12T16:24:50.423+0100 INFO               [main]                         be.pxl.service.controller.CommentController - be.pxl.service.exceptions.NotYourCommentException: You cannot delete a comment that is not yours
2025-01-12T16:24:50.446+0100 INFO               [main]                         be.pxl.service.controller.CommentController - User: testUser is not authorized to delete comment with id: 1
2025-01-12T16:24:50.507+0100 INFO               [main]                         be.pxl.service.controller.CommentController - Adding new comment
2025-01-12T16:24:50.508+0100 ERROR              [main]                         be.pxl.service.controller.CommentController - An error occurred while adding new comment
2025-01-12T16:24:50.508+0100 ERROR              [main]                         be.pxl.service.controller.CommentController - java.lang.RuntimeException: Unexpected error
2025-01-12T16:24:50.557+0100 INFO               [main]                         be.pxl.service.controller.CommentController - User: testUser is not authorized to update a comment
2025-01-12T16:24:50.591+0100 INFO               [main]                         be.pxl.service.controller.CommentController - Updating comment with id: 13
2025-01-12T16:24:50.596+0100 INFO               [main]                         be.pxl.service.controller.CommentController - be.pxl.service.exceptions.NotYourCommentException: You cannot edit a comment that is not yours
2025-01-12T16:24:50.625+0100 INFO               [main]                         be.pxl.service.controller.CommentController - Updating comment with id: 14
2025-01-12T16:24:50.630+0100 INFO               [main]                         be.pxl.service.controller.CommentController - be.pxl.service.exceptions.NotYourCommentException: You cannot edit a comment that is not yours
2025-01-12T16:24:50.689+0100 INFO               [main]                         be.pxl.service.controller.CommentController - User: testUser is not authorized to add a comment
2025-01-12T16:24:50.722+0100 INFO               [main]                         be.pxl.service.controller.CommentController - User: testUser is not authorized get comments
2025-01-12T16:24:50.793+0100 INFO               [main]                         be.pxl.service.controller.CommentController - Getting comments by post id: 1
2025-01-12T16:24:50.794+0100 INFO               [main]                         be.pxl.service.controller.CommentController - Comments not found for post id: 1
2025-01-12T16:24:50.818+0100 INFO               [main]                         be.pxl.service.controller.CommentController - Getting comments by post id: 1
2025-01-12T16:24:50.856+0100 INFO               [main]                         be.pxl.service.controller.CommentController - Getting comments by post id: 1
2025-01-12T16:24:50.857+0100 ERROR              [main]                         be.pxl.service.controller.CommentController - An error occurred while getting comments by post id: 1
2025-01-12T16:24:50.857+0100 ERROR              [main]                         be.pxl.service.controller.CommentController - java.lang.RuntimeException: Unexpected error
2025-01-12T16:24:50.887+0100 INFO               [main]                         be.pxl.service.controller.CommentController - Getting comments by post id: 999
2025-01-12T16:24:50.888+0100 INFO               [main]                         be.pxl.service.controller.CommentController - Post with id: 999 not found
2025-01-12T16:24:50.911+0100 INFO               [main]                         be.pxl.service.controller.CommentController - Deleting comment with id: 999
2025-01-12T16:24:50.917+0100 INFO               [main]                         be.pxl.service.controller.CommentController - Comment with id: 999 not found
2025-01-12T16:24:50.943+0100 INFO               [main]                         be.pxl.service.controller.CommentController - Updating comment with id: 999
2025-01-12T16:24:50.948+0100 INFO               [main]                         be.pxl.service.controller.CommentController - Comment to update with id: 999 not found
2025-01-12T16:27:42.621+0100 INFO               [main]                         be.pxl.service.services.CommentServiceTests - Starting CommentServiceTests using Java 21.0.2 with PID 41904 (started by ianno in C:\Users\ianno\Desktop\PXL_IT\3eJaar\FullstackJava\project-IanNotermansPXL\backend-java\comment-service)
2025-01-12T16:27:42.624+0100 DEBUG              [main]                         be.pxl.service.services.CommentServiceTests - Running with Spring Boot v3.3.4, Spring v6.1.13
2025-01-12T16:27:42.625+0100 INFO               [main]                         be.pxl.service.services.CommentServiceTests - No active profile set, falling back to 1 default profile: "default"
2025-01-12T16:27:54.750+0100 INFO               [main]                         be.pxl.service.services.CommentServiceTests - Started CommentServiceTests in 15.14 seconds (process running for 24.677)
2025-01-12T16:27:59.117+0100 INFO               [main]                         be.pxl.service.controller.CommentControllerTests - Starting CommentControllerTests using Java 21.0.2 with PID 41904 (started by ianno in C:\Users\ianno\Desktop\PXL_IT\3eJaar\FullstackJava\project-IanNotermansPXL\backend-java\comment-service)
2025-01-12T16:27:59.117+0100 DEBUG              [main]                         be.pxl.service.controller.CommentControllerTests - Running with Spring Boot v3.3.4, Spring v6.1.13
2025-01-12T16:27:59.117+0100 INFO               [main]                         be.pxl.service.controller.CommentControllerTests - No active profile set, falling back to 1 default profile: "default"
2025-01-12T16:28:02.201+0100 INFO               [main]                         be.pxl.service.controller.CommentControllerTests - Started CommentControllerTests in 4.229 seconds (process running for 32.129)
2025-01-12T16:28:02.327+0100 INFO               [main]                         be.pxl.service.controller.CommentController - Updating comment with id: 1
2025-01-12T16:28:02.468+0100 INFO               [main]                         be.pxl.service.controller.CommentController - Adding new comment
2025-01-12T16:28:02.496+0100 INFO               [main]                         be.pxl.service.controller.CommentController - Deleting comment with id: 4
2025-01-12T16:28:02.499+0100 INFO               [main]                         be.pxl.service.controller.CommentController - be.pxl.service.exceptions.NotYourCommentException: You cannot delete a comment that is not yours
2025-01-12T16:28:02.522+0100 INFO               [main]                         be.pxl.service.controller.CommentController - Adding new comment
2025-01-12T16:28:02.523+0100 INFO               [main]                         be.pxl.service.controller.CommentController - Post with id: 1 not found
2025-01-12T16:28:02.543+0100 INFO               [main]                         be.pxl.service.controller.CommentController - Deleting comment with id: 6
2025-01-12T16:28:02.571+0100 INFO               [main]                         be.pxl.service.controller.CommentController - Updating comment with id: 7
2025-01-12T16:28:02.571+0100 ERROR              [main]                         be.pxl.service.controller.CommentController - An error occurred while updating comment with id: 7
2025-01-12T16:28:02.571+0100 ERROR              [main]                         be.pxl.service.controller.CommentController - java.lang.IllegalArgumentException: Comment text cannot be empty
2025-01-12T16:28:02.590+0100 INFO               [main]                         be.pxl.service.controller.CommentController - Deleting comment with id: 8
2025-01-12T16:28:02.593+0100 INFO               [main]                         be.pxl.service.controller.CommentController - be.pxl.service.exceptions.NotYourCommentException: You cannot delete a comment that is not yours
2025-01-12T16:28:02.609+0100 INFO               [main]                         be.pxl.service.controller.CommentController - User: testUser is not authorized to delete comment with id: 1
2025-01-12T16:28:02.628+0100 INFO               [main]                         be.pxl.service.controller.CommentController - Adding new comment
2025-01-12T16:28:02.629+0100 ERROR              [main]                         be.pxl.service.controller.CommentController - An error occurred while adding new comment
2025-01-12T16:28:02.629+0100 ERROR              [main]                         be.pxl.service.controller.CommentController - java.lang.RuntimeException: Unexpected error
2025-01-12T16:28:02.659+0100 INFO               [main]                         be.pxl.service.controller.CommentController - User: testUser is not authorized to update a comment
2025-01-12T16:28:02.684+0100 INFO               [main]                         be.pxl.service.controller.CommentController - Updating comment with id: 12
2025-01-12T16:28:02.688+0100 INFO               [main]                         be.pxl.service.controller.CommentController - be.pxl.service.exceptions.NotYourCommentException: You cannot edit a comment that is not yours
2025-01-12T16:28:02.715+0100 INFO               [main]                         be.pxl.service.controller.CommentController - Updating comment with id: 13
2025-01-12T16:28:02.720+0100 INFO               [main]                         be.pxl.service.controller.CommentController - be.pxl.service.exceptions.NotYourCommentException: You cannot edit a comment that is not yours
2025-01-12T16:28:02.744+0100 INFO               [main]                         be.pxl.service.controller.CommentController - User: testUser is not authorized to add a comment
2025-01-12T16:28:02.765+0100 INFO               [main]                         be.pxl.service.controller.CommentController - User: testUser is not authorized get comments
2025-01-12T16:28:02.787+0100 INFO               [main]                         be.pxl.service.controller.CommentController - Getting comments by post id: 1
2025-01-12T16:28:02.788+0100 INFO               [main]                         be.pxl.service.controller.CommentController - Comments not found for post id: 1
2025-01-12T16:28:02.805+0100 INFO               [main]                         be.pxl.service.controller.CommentController - Getting comments by post id: 1
2025-01-12T16:28:02.830+0100 INFO               [main]                         be.pxl.service.controller.CommentController - Getting comments by post id: 1
2025-01-12T16:28:02.831+0100 ERROR              [main]                         be.pxl.service.controller.CommentController - An error occurred while getting comments by post id: 1
2025-01-12T16:28:02.831+0100 ERROR              [main]                         be.pxl.service.controller.CommentController - java.lang.RuntimeException: Unexpected error
2025-01-12T16:28:02.848+0100 INFO               [main]                         be.pxl.service.controller.CommentController - Getting comments by post id: 999
2025-01-12T16:28:02.849+0100 INFO               [main]                         be.pxl.service.controller.CommentController - Post with id: 999 not found
2025-01-12T16:28:02.866+0100 INFO               [main]                         be.pxl.service.controller.CommentController - Deleting comment with id: 999
2025-01-12T16:28:02.870+0100 INFO               [main]                         be.pxl.service.controller.CommentController - Comment with id: 999 not found
2025-01-12T16:28:02.886+0100 INFO               [main]                         be.pxl.service.controller.CommentController - Updating comment with id: 999
2025-01-12T16:28:02.891+0100 INFO               [main]                         be.pxl.service.controller.CommentController - Comment to update with id: 999 not found
2025-01-12T17:56:07.434+0100 INFO               [main]                         be.pxl.service.services.CommentServiceTests - Starting CommentServiceTests using Java 21.0.2 with PID 8692 (started by ianno in C:\Users\ianno\Desktop\PXL_IT\3eJaar\FullstackJava\project\project-IanNotermansPXL\backend-java\comment-service)
2025-01-12T17:56:07.435+0100 DEBUG              [main]                         be.pxl.service.services.CommentServiceTests - Running with Spring Boot v3.3.4, Spring v6.1.13
2025-01-12T17:56:07.436+0100 INFO               [main]                         be.pxl.service.services.CommentServiceTests - No active profile set, falling back to 1 default profile: "default"
2025-01-12T17:56:18.039+0100 INFO               [main]                         be.pxl.service.services.CommentServiceTests - Started CommentServiceTests in 13.125 seconds (process running for 21.579)
2025-01-12T17:56:22.163+0100 INFO               [main]                         be.pxl.service.controller.CommentControllerTests - Starting CommentControllerTests using Java 21.0.2 with PID 8692 (started by ianno in C:\Users\ianno\Desktop\PXL_IT\3eJaar\FullstackJava\project\project-IanNotermansPXL\backend-java\comment-service)
2025-01-12T17:56:22.164+0100 DEBUG              [main]                         be.pxl.service.controller.CommentControllerTests - Running with Spring Boot v3.3.4, Spring v6.1.13
2025-01-12T17:56:22.164+0100 INFO               [main]                         be.pxl.service.controller.CommentControllerTests - No active profile set, falling back to 1 default profile: "default"
2025-01-12T17:56:24.931+0100 INFO               [main]                         be.pxl.service.controller.CommentControllerTests - Started CommentControllerTests in 3.876 seconds (process running for 28.472)
2025-01-12T17:56:25.052+0100 INFO               [main]                         be.pxl.service.controller.CommentController - Updating comment with id: 1
2025-01-12T17:56:25.173+0100 INFO               [main]                         be.pxl.service.controller.CommentController - Adding new comment
2025-01-12T17:56:25.204+0100 INFO               [main]                         be.pxl.service.controller.CommentController - Deleting comment with id: 4
2025-01-12T17:56:25.208+0100 INFO               [main]                         be.pxl.service.controller.CommentController - be.pxl.service.exceptions.NotYourCommentException: You cannot delete a comment that is not yours
2025-01-12T17:56:25.227+0100 INFO               [main]                         be.pxl.service.controller.CommentController - Adding new comment
2025-01-12T17:56:25.228+0100 INFO               [main]                         be.pxl.service.controller.CommentController - Post with id: 1 not found
2025-01-12T17:56:25.247+0100 INFO               [main]                         be.pxl.service.controller.CommentController - Deleting comment with id: 6
2025-01-12T17:56:25.275+0100 INFO               [main]                         be.pxl.service.controller.CommentController - Updating comment with id: 7
2025-01-12T17:56:25.275+0100 ERROR              [main]                         be.pxl.service.controller.CommentController - An error occurred while updating comment with id: 7
2025-01-12T17:56:25.275+0100 ERROR              [main]                         be.pxl.service.controller.CommentController - java.lang.IllegalArgumentException: Comment text cannot be empty
2025-01-12T17:56:25.294+0100 INFO               [main]                         be.pxl.service.controller.CommentController - Deleting comment with id: 8
2025-01-12T17:56:25.298+0100 INFO               [main]                         be.pxl.service.controller.CommentController - be.pxl.service.exceptions.NotYourCommentException: You cannot delete a comment that is not yours
2025-01-12T17:56:25.312+0100 INFO               [main]                         be.pxl.service.controller.CommentController - User: testUser is not authorized to delete comment with id: 1
2025-01-12T17:56:25.326+0100 INFO               [main]                         be.pxl.service.controller.CommentController - Adding new comment
2025-01-12T17:56:25.326+0100 ERROR              [main]                         be.pxl.service.controller.CommentController - An error occurred while adding new comment
2025-01-12T17:56:25.326+0100 ERROR              [main]                         be.pxl.service.controller.CommentController - java.lang.RuntimeException: Unexpected error
2025-01-12T17:56:25.344+0100 INFO               [main]                         be.pxl.service.controller.CommentController - User: testUser is not authorized to update a comment
2025-01-12T17:56:25.361+0100 INFO               [main]                         be.pxl.service.controller.CommentController - Updating comment with id: 12
2025-01-12T17:56:25.365+0100 INFO               [main]                         be.pxl.service.controller.CommentController - be.pxl.service.exceptions.NotYourCommentException: You cannot edit a comment that is not yours
2025-01-12T17:56:25.383+0100 INFO               [main]                         be.pxl.service.controller.CommentController - Updating comment with id: 13
2025-01-12T17:56:25.387+0100 INFO               [main]                         be.pxl.service.controller.CommentController - be.pxl.service.exceptions.NotYourCommentException: You cannot edit a comment that is not yours
2025-01-12T17:56:25.400+0100 INFO               [main]                         be.pxl.service.controller.CommentController - User: testUser is not authorized to add a comment
2025-01-12T17:56:25.414+0100 INFO               [main]                         be.pxl.service.controller.CommentController - User: testUser is not authorized get comments
2025-01-12T17:56:25.429+0100 INFO               [main]                         be.pxl.service.controller.CommentController - Getting comments by post id: 1
2025-01-12T17:56:25.430+0100 INFO               [main]                         be.pxl.service.controller.CommentController - Comments not found for post id: 1
2025-01-12T17:56:25.444+0100 INFO               [main]                         be.pxl.service.controller.CommentController - Getting comments by post id: 1
2025-01-12T17:56:25.466+0100 INFO               [main]                         be.pxl.service.controller.CommentController - Getting comments by post id: 1
2025-01-12T17:56:25.466+0100 ERROR              [main]                         be.pxl.service.controller.CommentController - An error occurred while getting comments by post id: 1
2025-01-12T17:56:25.466+0100 ERROR              [main]                         be.pxl.service.controller.CommentController - java.lang.RuntimeException: Unexpected error
2025-01-12T17:56:25.480+0100 INFO               [main]                         be.pxl.service.controller.CommentController - Getting comments by post id: 999
2025-01-12T17:56:25.481+0100 INFO               [main]                         be.pxl.service.controller.CommentController - Post with id: 999 not found
2025-01-12T17:56:25.495+0100 INFO               [main]                         be.pxl.service.controller.CommentController - Deleting comment with id: 999
2025-01-12T17:56:25.499+0100 INFO               [main]                         be.pxl.service.controller.CommentController - Comment with id: 999 not found
2025-01-12T17:56:25.515+0100 INFO               [main]                         be.pxl.service.controller.CommentController - Updating comment with id: 999
2025-01-12T17:56:25.518+0100 INFO               [main]                         be.pxl.service.controller.CommentController - Comment to update with id: 999 not found
