2024-12-03T21:56:39.932+0100 INFO               [main]                         be.pxl.service.ConfigServiceApplication - Starting ConfigServiceApplication using Java 21.0.2 with PID 8008 (C:\Users\ianno\Desktop\PXL_IT\3eJaar\FullstackJava\project-IanNotermansPXL\backend-java\config-service\target\classes started by ianno in C:\Users\ianno\Desktop\PXL_IT\3eJaar\FullstackJava\project-IanNotermansPXL\backend-java)
2024-12-03T21:56:39.933+0100 DEBUG              [main]                         be.pxl.service.ConfigServiceApplication - Running with Spring Boot v3.3.4, Spring v6.1.13
2024-12-03T21:56:39.935+0100 INFO               [main]                         be.pxl.service.ConfigServiceApplication - The following 1 profile is active: "native"
2024-12-03T21:56:43.930+0100 INFO               [main]                         be.pxl.service.ConfigServiceApplication - Started ConfigServiceApplication in 5.743 seconds (process running for 7.115)
2024-12-03T21:56:50.324+0100 INFO               [main]                         be.pxl.service.DiscoveryServiceApplication - Starting DiscoveryServiceApplication using Java 21.0.2 with PID 9852 (C:\Users\ianno\Desktop\PXL_IT\3eJaar\FullstackJava\project-IanNotermansPXL\backend-java\discovery-service\target\classes started by ianno in C:\Users\ianno\Desktop\PXL_IT\3eJaar\FullstackJava\project-IanNotermansPXL\backend-java)
2024-12-03T21:56:50.325+0100 DEBUG              [main]                         be.pxl.service.DiscoveryServiceApplication - Running with Spring Boot v3.3.4, Spring v6.1.13
2024-12-03T21:56:50.326+0100 INFO               [main]                         be.pxl.service.DiscoveryServiceApplication - No active profile set, falling back to 1 default profile: "default"
2024-12-03T21:56:53.151+0100 INFO               [main]                         be.pxl.service.GatewayServiceApplication - Starting GatewayServiceApplication using Java 21.0.2 with PID 19976 (C:\Users\ianno\Desktop\PXL_IT\3eJaar\FullstackJava\project-IanNotermansPXL\backend-java\gateway-service\target\classes started by ianno in C:\Users\ianno\Desktop\PXL_IT\3eJaar\FullstackJava\project-IanNotermansPXL\backend-java)
2024-12-03T21:56:53.153+0100 DEBUG              [main]                         be.pxl.service.GatewayServiceApplication - Running with Spring Boot v3.3.4, Spring v6.1.13
2024-12-03T21:56:53.153+0100 INFO               [main]                         be.pxl.service.GatewayServiceApplication - No active profile set, falling back to 1 default profile: "default"
2024-12-03T21:56:56.872+0100 INFO               [main]                         be.pxl.service.DiscoveryServiceApplication - Started DiscoveryServiceApplication in 8.884 seconds (process running for 10.126)
2024-12-03T21:57:00.655+0100 INFO               [main]                         be.pxl.service.GatewayServiceApplication - Started GatewayServiceApplication in 9.615 seconds (process running for 10.448)
2024-12-03T21:57:09.355+0100 INFO               [main]                         be.pxl.service.PostServiceApplication - Starting PostServiceApplication using Java 21.0.2 with PID 30828 (C:\Users\ianno\Desktop\PXL_IT\3eJaar\FullstackJava\project-IanNotermansPXL\backend-java\post-service\target\classes started by ianno in C:\Users\ianno\Desktop\PXL_IT\3eJaar\FullstackJava\project-IanNotermansPXL\backend-java)
2024-12-03T21:57:09.356+0100 DEBUG              [main]                         be.pxl.service.PostServiceApplication - Running with Spring Boot v3.3.4, Spring v6.1.13
2024-12-03T21:57:09.357+0100 INFO               [main]                         be.pxl.service.PostServiceApplication - No active profile set, falling back to 1 default profile: "default"
2024-12-03T21:57:16.708+0100 INFO               [main]                         be.pxl.service.PostServiceApplication - Started PostServiceApplication in 9.412 seconds (process running for 10.277)
2024-12-03T22:02:31.508+0100 INFO               [main]                         be.pxl.service.ConfigServiceApplication - Starting ConfigServiceApplication using Java 21.0.2 with PID 13540 (C:\Users\ianno\Desktop\PXL_IT\3eJaar\FullstackJava\project-IanNotermansPXL\backend-java\config-service\target\classes started by ianno in C:\Users\ianno\Desktop\PXL_IT\3eJaar\FullstackJava\project-IanNotermansPXL\backend-java)
2024-12-03T22:02:31.510+0100 DEBUG              [main]                         be.pxl.service.ConfigServiceApplication - Running with Spring Boot v3.3.4, Spring v6.1.13
2024-12-03T22:02:31.511+0100 INFO               [main]                         be.pxl.service.ConfigServiceApplication - The following 1 profile is active: "native"
2024-12-03T22:02:35.149+0100 INFO               [main]                         be.pxl.service.ConfigServiceApplication - Started ConfigServiceApplication in 5.208 seconds (process running for 5.954)
2024-12-03T22:02:40.863+0100 INFO               [main]                         be.pxl.service.DiscoveryServiceApplication - Starting DiscoveryServiceApplication using Java 21.0.2 with PID 31648 (C:\Users\ianno\Desktop\PXL_IT\3eJaar\FullstackJava\project-IanNotermansPXL\backend-java\discovery-service\target\classes started by ianno in C:\Users\ianno\Desktop\PXL_IT\3eJaar\FullstackJava\project-IanNotermansPXL\backend-java)
2024-12-03T22:02:40.866+0100 DEBUG              [main]                         be.pxl.service.DiscoveryServiceApplication - Running with Spring Boot v3.3.4, Spring v6.1.13
2024-12-03T22:02:40.867+0100 INFO               [main]                         be.pxl.service.DiscoveryServiceApplication - No active profile set, falling back to 1 default profile: "default"
2024-12-03T22:02:44.112+0100 INFO               [main]                         be.pxl.service.GatewayServiceApplication - Starting GatewayServiceApplication using Java 21.0.2 with PID 35352 (C:\Users\ianno\Desktop\PXL_IT\3eJaar\FullstackJava\project-IanNotermansPXL\backend-java\gateway-service\target\classes started by ianno in C:\Users\ianno\Desktop\PXL_IT\3eJaar\FullstackJava\project-IanNotermansPXL\backend-java)
2024-12-03T22:02:44.113+0100 DEBUG              [main]                         be.pxl.service.GatewayServiceApplication - Running with Spring Boot v3.3.4, Spring v6.1.13
2024-12-03T22:02:44.115+0100 INFO               [main]                         be.pxl.service.GatewayServiceApplication - No active profile set, falling back to 1 default profile: "default"
2024-12-03T22:02:47.784+0100 INFO               [main]                         be.pxl.service.DiscoveryServiceApplication - Started DiscoveryServiceApplication in 9.298 seconds (process running for 10.099)
2024-12-03T22:02:49.980+0100 INFO               [main]                         be.pxl.service.PostServiceApplication - Starting PostServiceApplication using Java 21.0.2 with PID 22080 (C:\Users\ianno\Desktop\PXL_IT\3eJaar\FullstackJava\project-IanNotermansPXL\backend-java\post-service\target\classes started by ianno in C:\Users\ianno\Desktop\PXL_IT\3eJaar\FullstackJava\project-IanNotermansPXL\backend-java)
2024-12-03T22:02:49.982+0100 DEBUG              [main]                         be.pxl.service.PostServiceApplication - Running with Spring Boot v3.3.4, Spring v6.1.13
2024-12-03T22:02:49.982+0100 INFO               [main]                         be.pxl.service.PostServiceApplication - No active profile set, falling back to 1 default profile: "default"
2024-12-03T22:02:52.198+0100 INFO               [main]                         be.pxl.service.GatewayServiceApplication - Started GatewayServiceApplication in 10.335 seconds (process running for 11.226)
2024-12-03T22:02:57.400+0100 INFO               [main]                         be.pxl.service.PostServiceApplication - Started PostServiceApplication in 9.743 seconds (process running for 10.648)
2024-12-03T22:06:22.081+0100 INFO               [main]                         be.pxl.service.PostServiceApplication - Starting PostServiceApplication using Java 21.0.2 with PID 9228 (C:\Users\ianno\Desktop\PXL_IT\3eJaar\FullstackJava\project-IanNotermansPXL\backend-java\post-service\target\classes started by ianno in C:\Users\ianno\Desktop\PXL_IT\3eJaar\FullstackJava\project-IanNotermansPXL\backend-java)
2024-12-03T22:06:22.084+0100 DEBUG              [main]                         be.pxl.service.PostServiceApplication - Running with Spring Boot v3.3.4, Spring v6.1.13
2024-12-03T22:06:22.084+0100 INFO               [main]                         be.pxl.service.PostServiceApplication - No active profile set, falling back to 1 default profile: "default"
2024-12-03T22:06:29.724+0100 INFO               [main]                         be.pxl.service.PostServiceApplication - Started PostServiceApplication in 10.19 seconds (process running for 11.113)
2024-12-03T22:07:46.689+0100 INFO               [main]                         be.pxl.service.PostServiceApplication - Starting PostServiceApplication using Java 21.0.2 with PID 34112 (C:\Users\ianno\Desktop\PXL_IT\3eJaar\FullstackJava\project-IanNotermansPXL\backend-java\post-service\target\classes started by ianno in C:\Users\ianno\Desktop\PXL_IT\3eJaar\FullstackJava\project-IanNotermansPXL\backend-java)
2024-12-03T22:07:46.691+0100 DEBUG              [main]                         be.pxl.service.PostServiceApplication - Running with Spring Boot v3.3.4, Spring v6.1.13
2024-12-03T22:07:46.692+0100 INFO               [main]                         be.pxl.service.PostServiceApplication - No active profile set, falling back to 1 default profile: "default"
2024-12-03T22:07:53.967+0100 INFO               [main]                         be.pxl.service.PostServiceApplication - Started PostServiceApplication in 9.449 seconds (process running for 10.314)
2024-12-03T22:11:08.481+0100 INFO               [main]                         be.pxl.service.ConfigServiceApplication - Starting ConfigServiceApplication using Java 21.0.2 with PID 27160 (C:\Users\ianno\Desktop\PXL_IT\3eJaar\FullstackJava\project-IanNotermansPXL\backend-java\config-service\target\classes started by ianno in C:\Users\ianno\Desktop\PXL_IT\3eJaar\FullstackJava\project-IanNotermansPXL\backend-java)
2024-12-03T22:11:08.482+0100 DEBUG              [main]                         be.pxl.service.ConfigServiceApplication - Running with Spring Boot v3.3.4, Spring v6.1.13
2024-12-03T22:11:08.483+0100 INFO               [main]                         be.pxl.service.ConfigServiceApplication - The following 1 profile is active: "native"
2024-12-03T22:11:12.318+0100 INFO               [main]                         be.pxl.service.ConfigServiceApplication - Started ConfigServiceApplication in 5.513 seconds (process running for 6.356)
2024-12-03T22:11:13.225+0100 INFO               [main]                         be.pxl.service.DiscoveryServiceApplication - Starting DiscoveryServiceApplication using Java 21.0.2 with PID 29800 (C:\Users\ianno\Desktop\PXL_IT\3eJaar\FullstackJava\project-IanNotermansPXL\backend-java\discovery-service\target\classes started by ianno in C:\Users\ianno\Desktop\PXL_IT\3eJaar\FullstackJava\project-IanNotermansPXL\backend-java)
2024-12-03T22:11:13.226+0100 DEBUG              [main]                         be.pxl.service.DiscoveryServiceApplication - Running with Spring Boot v3.3.4, Spring v6.1.13
2024-12-03T22:11:13.227+0100 INFO               [main]                         be.pxl.service.DiscoveryServiceApplication - No active profile set, falling back to 1 default profile: "default"
2024-12-03T22:11:16.949+0100 INFO               [main]                         be.pxl.service.GatewayServiceApplication - Starting GatewayServiceApplication using Java 21.0.2 with PID 20740 (C:\Users\ianno\Desktop\PXL_IT\3eJaar\FullstackJava\project-IanNotermansPXL\backend-java\gateway-service\target\classes started by ianno in C:\Users\ianno\Desktop\PXL_IT\3eJaar\FullstackJava\project-IanNotermansPXL\backend-java)
2024-12-03T22:11:16.950+0100 DEBUG              [main]                         be.pxl.service.GatewayServiceApplication - Running with Spring Boot v3.3.4, Spring v6.1.13
2024-12-03T22:11:16.951+0100 INFO               [main]                         be.pxl.service.GatewayServiceApplication - No active profile set, falling back to 1 default profile: "default"
2024-12-03T22:11:19.937+0100 INFO               [main]                         be.pxl.service.DiscoveryServiceApplication - Started DiscoveryServiceApplication in 8.949 seconds (process running for 9.695)
2024-12-03T22:11:24.501+0100 INFO               [main]                         be.pxl.service.GatewayServiceApplication - Started GatewayServiceApplication in 9.803 seconds (process running for 10.573)
2024-12-03T22:11:32.223+0100 INFO               [main]                         be.pxl.service.PostServiceApplication - Starting PostServiceApplication using Java 21.0.2 with PID 3684 (C:\Users\ianno\Desktop\PXL_IT\3eJaar\FullstackJava\project-IanNotermansPXL\backend-java\post-service\target\classes started by ianno in C:\Users\ianno\Desktop\PXL_IT\3eJaar\FullstackJava\project-IanNotermansPXL\backend-java)
2024-12-03T22:11:32.224+0100 DEBUG              [main]                         be.pxl.service.PostServiceApplication - Running with Spring Boot v3.3.4, Spring v6.1.13
2024-12-03T22:11:32.225+0100 INFO               [main]                         be.pxl.service.PostServiceApplication - No active profile set, falling back to 1 default profile: "default"
2024-12-03T22:11:39.503+0100 INFO               [main]                         be.pxl.service.PostServiceApplication - Started PostServiceApplication in 9.331 seconds (process running for 10.084)
2024-12-03T22:13:37.767+0100 INFO               [main]                         be.pxl.service.PostServiceApplication - Starting PostServiceApplication using Java 21.0.2 with PID 20208 (C:\Users\ianno\Desktop\PXL_IT\3eJaar\FullstackJava\project-IanNotermansPXL\backend-java\post-service\target\classes started by ianno in C:\Users\ianno\Desktop\PXL_IT\3eJaar\FullstackJava\project-IanNotermansPXL\backend-java)
2024-12-03T22:13:37.769+0100 DEBUG              [main]                         be.pxl.service.PostServiceApplication - Running with Spring Boot v3.3.4, Spring v6.1.13
2024-12-03T22:13:37.770+0100 INFO               [main]                         be.pxl.service.PostServiceApplication - No active profile set, falling back to 1 default profile: "default"
2024-12-03T22:13:44.716+0100 INFO               [main]                         be.pxl.service.PostServiceApplication - Started PostServiceApplication in 8.964 seconds (process running for 9.749)
2024-12-03T22:13:51.125+0100 INFO               [http-nio-8082-exec-1]         be.pxl.service.controller.PostController - Getting all posts
2024-12-04T09:00:05.660+0100 INFO               [main]                         be.pxl.service.PostServiceApplication - Starting PostServiceApplication using Java 21.0.2 with PID 38708 (C:\Users\ianno\Desktop\PXL_IT\3eJaar\FullstackJava\project-IanNotermansPXL\backend-java\post-service\target\classes started by ianno in C:\Users\ianno\Desktop\PXL_IT\3eJaar\FullstackJava\project-IanNotermansPXL\backend-java)
2024-12-04T09:00:05.681+0100 DEBUG              [main]                         be.pxl.service.PostServiceApplication - Running with Spring Boot v3.3.4, Spring v6.1.13
2024-12-04T09:00:05.682+0100 INFO               [main]                         be.pxl.service.PostServiceApplication - No active profile set, falling back to 1 default profile: "default"
2024-12-04T09:00:14.552+0100 INFO               [main]                         be.pxl.service.ReviewServiceApplication - Starting ReviewServiceApplication using Java 21.0.2 with PID 28120 (C:\Users\ianno\Desktop\PXL_IT\3eJaar\FullstackJava\project-IanNotermansPXL\backend-java\review-service\target\classes started by ianno in C:\Users\ianno\Desktop\PXL_IT\3eJaar\FullstackJava\project-IanNotermansPXL\backend-java)
2024-12-04T09:00:14.553+0100 DEBUG              [main]                         be.pxl.service.ReviewServiceApplication - Running with Spring Boot v3.3.4, Spring v6.1.13
2024-12-04T09:00:14.554+0100 INFO               [main]                         be.pxl.service.ReviewServiceApplication - No active profile set, falling back to 1 default profile: "default"
2024-12-04T09:00:21.840+0100 INFO               [main]                         be.pxl.service.ReviewServiceApplication - Started ReviewServiceApplication in 9.44 seconds (process running for 10.245)
2024-12-04T09:39:07.121+0100 INFO               [main]                         be.pxl.service.ConfigServiceApplication - Starting ConfigServiceApplication using Java 21.0.2 with PID 17700 (C:\Users\ianno\Desktop\PXL_IT\3eJaar\FullstackJava\project-IanNotermansPXL\backend-java\config-service\target\classes started by ianno in C:\Users\ianno\Desktop\PXL_IT\3eJaar\FullstackJava\project-IanNotermansPXL\backend-java)
2024-12-04T09:39:07.122+0100 DEBUG              [main]                         be.pxl.service.ConfigServiceApplication - Running with Spring Boot v3.3.4, Spring v6.1.13
2024-12-04T09:39:07.123+0100 INFO               [main]                         be.pxl.service.ConfigServiceApplication - The following 1 profile is active: "native"
2024-12-04T09:39:10.820+0100 INFO               [main]                         be.pxl.service.ConfigServiceApplication - Started ConfigServiceApplication in 5.271 seconds (process running for 5.978)
2024-12-04T09:39:10.920+0100 INFO               [main]                         be.pxl.service.DiscoveryServiceApplication - Starting DiscoveryServiceApplication using Java 21.0.2 with PID 28400 (C:\Users\ianno\Desktop\PXL_IT\3eJaar\FullstackJava\project-IanNotermansPXL\backend-java\discovery-service\target\classes started by ianno in C:\Users\ianno\Desktop\PXL_IT\3eJaar\FullstackJava\project-IanNotermansPXL\backend-java)
2024-12-04T09:39:10.921+0100 DEBUG              [main]                         be.pxl.service.DiscoveryServiceApplication - Running with Spring Boot v3.3.4, Spring v6.1.13
2024-12-04T09:39:10.922+0100 INFO               [main]                         be.pxl.service.DiscoveryServiceApplication - No active profile set, falling back to 1 default profile: "default"
2024-12-04T09:39:16.240+0100 INFO               [main]                         be.pxl.service.GatewayServiceApplication - Starting GatewayServiceApplication using Java 21.0.2 with PID 39412 (C:\Users\ianno\Desktop\PXL_IT\3eJaar\FullstackJava\project-IanNotermansPXL\backend-java\gateway-service\target\classes started by ianno in C:\Users\ianno\Desktop\PXL_IT\3eJaar\FullstackJava\project-IanNotermansPXL\backend-java)
2024-12-04T09:39:16.243+0100 DEBUG              [main]                         be.pxl.service.GatewayServiceApplication - Running with Spring Boot v3.3.4, Spring v6.1.13
2024-12-04T09:39:16.244+0100 INFO               [main]                         be.pxl.service.GatewayServiceApplication - No active profile set, falling back to 1 default profile: "default"
2024-12-04T09:39:23.780+0100 INFO               [main]                         be.pxl.service.GatewayServiceApplication - Started GatewayServiceApplication in 10.096 seconds (process running for 11.064)
2024-12-04T09:39:51.213+0100 INFO               [main]                         be.pxl.service.DiscoveryServiceApplication - Starting DiscoveryServiceApplication using Java 21.0.2 with PID 3736 (C:\Users\ianno\Desktop\PXL_IT\3eJaar\FullstackJava\project-IanNotermansPXL\backend-java\discovery-service\target\classes started by ianno in C:\Users\ianno\Desktop\PXL_IT\3eJaar\FullstackJava\project-IanNotermansPXL\backend-java)
2024-12-04T09:39:51.215+0100 DEBUG              [main]                         be.pxl.service.DiscoveryServiceApplication - Running with Spring Boot v3.3.4, Spring v6.1.13
2024-12-04T09:39:51.215+0100 INFO               [main]                         be.pxl.service.DiscoveryServiceApplication - No active profile set, falling back to 1 default profile: "default"
2024-12-04T09:39:57.384+0100 INFO               [main]                         be.pxl.service.DiscoveryServiceApplication - Started DiscoveryServiceApplication in 8.182 seconds (process running for 8.988)
2024-12-04T09:40:15.772+0100 INFO               [main]                         be.pxl.service.GatewayServiceApplication - Starting GatewayServiceApplication using Java 21.0.2 with PID 34800 (C:\Users\ianno\Desktop\PXL_IT\3eJaar\FullstackJava\project-IanNotermansPXL\backend-java\gateway-service\target\classes started by ianno in C:\Users\ianno\Desktop\PXL_IT\3eJaar\FullstackJava\project-IanNotermansPXL\backend-java)
2024-12-04T09:40:15.774+0100 DEBUG              [main]                         be.pxl.service.GatewayServiceApplication - Running with Spring Boot v3.3.4, Spring v6.1.13
2024-12-04T09:40:15.778+0100 INFO               [main]                         be.pxl.service.GatewayServiceApplication - No active profile set, falling back to 1 default profile: "default"
2024-12-04T09:40:17.953+0100 INFO               [main]                         be.pxl.service.PostServiceApplication - Starting PostServiceApplication using Java 21.0.2 with PID 35896 (C:\Users\ianno\Desktop\PXL_IT\3eJaar\FullstackJava\project-IanNotermansPXL\backend-java\post-service\target\classes started by ianno in C:\Users\ianno\Desktop\PXL_IT\3eJaar\FullstackJava\project-IanNotermansPXL\backend-java)
2024-12-04T09:40:17.955+0100 DEBUG              [main]                         be.pxl.service.PostServiceApplication - Running with Spring Boot v3.3.4, Spring v6.1.13
2024-12-04T09:40:17.956+0100 INFO               [main]                         be.pxl.service.PostServiceApplication - No active profile set, falling back to 1 default profile: "default"
2024-12-04T09:40:20.218+0100 INFO               [main]                         be.pxl.service.ReviewServiceApplication - Starting ReviewServiceApplication using Java 21.0.2 with PID 18332 (C:\Users\ianno\Desktop\PXL_IT\3eJaar\FullstackJava\project-IanNotermansPXL\backend-java\review-service\target\classes started by ianno in C:\Users\ianno\Desktop\PXL_IT\3eJaar\FullstackJava\project-IanNotermansPXL\backend-java)
2024-12-04T09:40:20.219+0100 DEBUG              [main]                         be.pxl.service.ReviewServiceApplication - Running with Spring Boot v3.3.4, Spring v6.1.13
2024-12-04T09:40:20.219+0100 INFO               [main]                         be.pxl.service.ReviewServiceApplication - No active profile set, falling back to 1 default profile: "default"
2024-12-04T09:40:23.818+0100 INFO               [main]                         be.pxl.service.GatewayServiceApplication - Started GatewayServiceApplication in 10.228 seconds (process running for 11.131)
2024-12-04T09:40:27.675+0100 INFO               [main]                         be.pxl.service.ReviewServiceApplication - Started ReviewServiceApplication in 9.519 seconds (process running for 10.355)
2024-12-04T09:48:55.650+0100 INFO               [main]                         be.pxl.service.ConfigServiceApplication - Starting ConfigServiceApplication using Java 21.0.2 with PID 38772 (C:\Users\ianno\Desktop\PXL_IT\3eJaar\FullstackJava\project-IanNotermansPXL\backend-java\config-service\target\classes started by ianno in C:\Users\ianno\Desktop\PXL_IT\3eJaar\FullstackJava\project-IanNotermansPXL\backend-java)
2024-12-04T09:48:55.652+0100 DEBUG              [main]                         be.pxl.service.ConfigServiceApplication - Running with Spring Boot v3.3.4, Spring v6.1.13
2024-12-04T09:48:55.653+0100 INFO               [main]                         be.pxl.service.ConfigServiceApplication - The following 1 profile is active: "native"
2024-12-04T09:48:59.288+0100 INFO               [main]                         be.pxl.service.ConfigServiceApplication - Started ConfigServiceApplication in 5.296 seconds (process running for 6.025)
2024-12-04T09:49:06.434+0100 INFO               [main]                         be.pxl.service.DiscoveryServiceApplication - Starting DiscoveryServiceApplication using Java 21.0.2 with PID 37348 (C:\Users\ianno\Desktop\PXL_IT\3eJaar\FullstackJava\project-IanNotermansPXL\backend-java\discovery-service\target\classes started by ianno in C:\Users\ianno\Desktop\PXL_IT\3eJaar\FullstackJava\project-IanNotermansPXL\backend-java)
2024-12-04T09:49:06.435+0100 DEBUG              [main]                         be.pxl.service.DiscoveryServiceApplication - Running with Spring Boot v3.3.4, Spring v6.1.13
2024-12-04T09:49:06.436+0100 INFO               [main]                         be.pxl.service.DiscoveryServiceApplication - No active profile set, falling back to 1 default profile: "default"
2024-12-04T09:49:12.376+0100 INFO               [main]                         be.pxl.service.DiscoveryServiceApplication - Started DiscoveryServiceApplication in 8.11 seconds (process running for 8.98)
2024-12-04T09:49:20.203+0100 INFO               [main]                         be.pxl.service.GatewayServiceApplication - Starting GatewayServiceApplication using Java 21.0.2 with PID 21492 (C:\Users\ianno\Desktop\PXL_IT\3eJaar\FullstackJava\project-IanNotermansPXL\backend-java\gateway-service\target\classes started by ianno in C:\Users\ianno\Desktop\PXL_IT\3eJaar\FullstackJava\project-IanNotermansPXL\backend-java)
2024-12-04T09:49:20.205+0100 DEBUG              [main]                         be.pxl.service.GatewayServiceApplication - Running with Spring Boot v3.3.4, Spring v6.1.13
2024-12-04T09:49:20.206+0100 INFO               [main]                         be.pxl.service.GatewayServiceApplication - No active profile set, falling back to 1 default profile: "default"
2024-12-04T09:49:27.902+0100 INFO               [main]                         be.pxl.service.GatewayServiceApplication - Started GatewayServiceApplication in 9.714 seconds (process running for 10.386)
2024-12-04T09:49:43.746+0100 INFO               [main]                         be.pxl.service.PostServiceApplication - Starting PostServiceApplication using Java 21.0.2 with PID 35884 (C:\Users\ianno\Desktop\PXL_IT\3eJaar\FullstackJava\project-IanNotermansPXL\backend-java\post-service\target\classes started by ianno in C:\Users\ianno\Desktop\PXL_IT\3eJaar\FullstackJava\project-IanNotermansPXL\backend-java)
2024-12-04T09:49:43.747+0100 DEBUG              [main]                         be.pxl.service.PostServiceApplication - Running with Spring Boot v3.3.4, Spring v6.1.13
2024-12-04T09:49:43.748+0100 INFO               [main]                         be.pxl.service.PostServiceApplication - No active profile set, falling back to 1 default profile: "default"
2024-12-04T09:49:59.006+0100 INFO               [main]                         be.pxl.service.ReviewServiceApplication - Starting ReviewServiceApplication using Java 21.0.2 with PID 18824 (C:\Users\ianno\Desktop\PXL_IT\3eJaar\FullstackJava\project-IanNotermansPXL\backend-java\review-service\target\classes started by ianno in C:\Users\ianno\Desktop\PXL_IT\3eJaar\FullstackJava\project-IanNotermansPXL\backend-java)
2024-12-04T09:49:59.008+0100 DEBUG              [main]                         be.pxl.service.ReviewServiceApplication - Running with Spring Boot v3.3.4, Spring v6.1.13
2024-12-04T09:49:59.008+0100 INFO               [main]                         be.pxl.service.ReviewServiceApplication - No active profile set, falling back to 1 default profile: "default"
2024-12-04T09:50:06.531+0100 INFO               [main]                         be.pxl.service.ReviewServiceApplication - Started ReviewServiceApplication in 9.532 seconds (process running for 10.258)
2024-12-04T09:55:05.386+0100 INFO               [main]                         be.pxl.service.ReviewServiceApplication - Starting ReviewServiceApplication using Java 21.0.2 with PID 24208 (C:\Users\ianno\Desktop\PXL_IT\3eJaar\FullstackJava\project-IanNotermansPXL\backend-java\review-service\target\classes started by ianno in C:\Users\ianno\Desktop\PXL_IT\3eJaar\FullstackJava\project-IanNotermansPXL\backend-java)
2024-12-04T09:55:05.387+0100 DEBUG              [main]                         be.pxl.service.ReviewServiceApplication - Running with Spring Boot v3.3.4, Spring v6.1.13
2024-12-04T09:55:05.388+0100 INFO               [main]                         be.pxl.service.ReviewServiceApplication - No active profile set, falling back to 1 default profile: "default"
2024-12-04T09:55:12.473+0100 INFO               [main]                         be.pxl.service.ReviewServiceApplication - Started ReviewServiceApplication in 9.067 seconds (process running for 9.796)
2024-12-04T09:55:51.451+0100 INFO               [main]                         be.pxl.service.PostServiceApplication - Starting PostServiceApplication using Java 21.0.2 with PID 27080 (C:\Users\ianno\Desktop\PXL_IT\3eJaar\FullstackJava\project-IanNotermansPXL\backend-java\post-service\target\classes started by ianno in C:\Users\ianno\Desktop\PXL_IT\3eJaar\FullstackJava\project-IanNotermansPXL\backend-java)
2024-12-04T09:55:51.452+0100 DEBUG              [main]                         be.pxl.service.PostServiceApplication - Running with Spring Boot v3.3.4, Spring v6.1.13
2024-12-04T09:55:51.453+0100 INFO               [main]                         be.pxl.service.PostServiceApplication - No active profile set, falling back to 1 default profile: "default"
2024-12-04T10:13:01.743+0100 INFO               [main]                         be.pxl.service.ReviewServiceApplication - Starting ReviewServiceApplication using Java 21.0.2 with PID 27952 (C:\Users\ianno\Desktop\PXL_IT\3eJaar\FullstackJava\project-IanNotermansPXL\backend-java\review-service\target\classes started by ianno in C:\Users\ianno\Desktop\PXL_IT\3eJaar\FullstackJava\project-IanNotermansPXL\backend-java)
2024-12-04T10:13:01.745+0100 DEBUG              [main]                         be.pxl.service.ReviewServiceApplication - Running with Spring Boot v3.3.4, Spring v6.1.13
2024-12-04T10:13:01.746+0100 INFO               [main]                         be.pxl.service.ReviewServiceApplication - No active profile set, falling back to 1 default profile: "default"
2024-12-04T10:13:08.889+0100 INFO               [main]                         be.pxl.service.ReviewServiceApplication - Started ReviewServiceApplication in 9.104 seconds (process running for 9.873)
2024-12-04T10:15:30.614+0100 INFO               [main]                         be.pxl.service.ConfigServiceApplication - Starting ConfigServiceApplication using Java 21.0.2 with PID 3112 (C:\Users\ianno\Desktop\PXL_IT\3eJaar\FullstackJava\project-IanNotermansPXL\backend-java\config-service\target\classes started by ianno in C:\Users\ianno\Desktop\PXL_IT\3eJaar\FullstackJava\project-IanNotermansPXL\backend-java)
2024-12-04T10:15:30.616+0100 DEBUG              [main]                         be.pxl.service.ConfigServiceApplication - Running with Spring Boot v3.3.4, Spring v6.1.13
2024-12-04T10:15:30.617+0100 INFO               [main]                         be.pxl.service.ConfigServiceApplication - The following 1 profile is active: "native"
2024-12-04T10:15:34.155+0100 INFO               [main]                         be.pxl.service.ConfigServiceApplication - Started ConfigServiceApplication in 5.081 seconds (process running for 5.715)
2024-12-04T10:15:35.697+0100 INFO               [main]                         be.pxl.service.DiscoveryServiceApplication - Starting DiscoveryServiceApplication using Java 21.0.2 with PID 31816 (C:\Users\ianno\Desktop\PXL_IT\3eJaar\FullstackJava\project-IanNotermansPXL\backend-java\discovery-service\target\classes started by ianno in C:\Users\ianno\Desktop\PXL_IT\3eJaar\FullstackJava\project-IanNotermansPXL\backend-java)
2024-12-04T10:15:35.698+0100 DEBUG              [main]                         be.pxl.service.DiscoveryServiceApplication - Running with Spring Boot v3.3.4, Spring v6.1.13
2024-12-04T10:15:35.699+0100 INFO               [main]                         be.pxl.service.DiscoveryServiceApplication - No active profile set, falling back to 1 default profile: "default"
2024-12-04T10:15:41.592+0100 INFO               [main]                         be.pxl.service.DiscoveryServiceApplication - Started DiscoveryServiceApplication in 8.067 seconds (process running for 8.792)
2024-12-04T10:15:44.611+0100 INFO               [main]                         be.pxl.service.GatewayServiceApplication - Starting GatewayServiceApplication using Java 21.0.2 with PID 9428 (C:\Users\ianno\Desktop\PXL_IT\3eJaar\FullstackJava\project-IanNotermansPXL\backend-java\gateway-service\target\classes started by ianno in C:\Users\ianno\Desktop\PXL_IT\3eJaar\FullstackJava\project-IanNotermansPXL\backend-java)
2024-12-04T10:15:44.616+0100 DEBUG              [main]                         be.pxl.service.GatewayServiceApplication - Running with Spring Boot v3.3.4, Spring v6.1.13
2024-12-04T10:15:44.617+0100 INFO               [main]                         be.pxl.service.GatewayServiceApplication - No active profile set, falling back to 1 default profile: "default"
2024-12-04T10:15:52.393+0100 INFO               [main]                         be.pxl.service.GatewayServiceApplication - Started GatewayServiceApplication in 9.919 seconds (process running for 10.753)
2024-12-04T10:16:00.087+0100 INFO               [main]                         be.pxl.service.ReviewServiceApplication - Starting ReviewServiceApplication using Java 21.0.2 with PID 23248 (C:\Users\ianno\Desktop\PXL_IT\3eJaar\FullstackJava\project-IanNotermansPXL\backend-java\review-service\target\classes started by ianno in C:\Users\ianno\Desktop\PXL_IT\3eJaar\FullstackJava\project-IanNotermansPXL\backend-java)
2024-12-04T10:16:00.089+0100 DEBUG              [main]                         be.pxl.service.ReviewServiceApplication - Running with Spring Boot v3.3.4, Spring v6.1.13
2024-12-04T10:16:00.090+0100 INFO               [main]                         be.pxl.service.ReviewServiceApplication - No active profile set, falling back to 1 default profile: "default"
2024-12-04T10:16:02.844+0100 INFO               [main]                         be.pxl.service.PostServiceApplication - Starting PostServiceApplication using Java 21.0.2 with PID 40708 (C:\Users\ianno\Desktop\PXL_IT\3eJaar\FullstackJava\project-IanNotermansPXL\backend-java\post-service\target\classes started by ianno in C:\Users\ianno\Desktop\PXL_IT\3eJaar\FullstackJava\project-IanNotermansPXL\backend-java)
2024-12-04T10:16:02.845+0100 DEBUG              [main]                         be.pxl.service.PostServiceApplication - Running with Spring Boot v3.3.4, Spring v6.1.13
2024-12-04T10:16:02.846+0100 INFO               [main]                         be.pxl.service.PostServiceApplication - No active profile set, falling back to 1 default profile: "default"
2024-12-04T10:16:07.854+0100 INFO               [main]                         be.pxl.service.ReviewServiceApplication - Started ReviewServiceApplication in 9.837 seconds (process running for 10.638)
2024-12-04T10:16:40.356+0100 INFO               [main]                         be.pxl.service.ReviewServiceApplication - Starting ReviewServiceApplication using Java 21.0.2 with PID 25816 (C:\Users\ianno\Desktop\PXL_IT\3eJaar\FullstackJava\project-IanNotermansPXL\backend-java\review-service\target\classes started by ianno in C:\Users\ianno\Desktop\PXL_IT\3eJaar\FullstackJava\project-IanNotermansPXL\backend-java)
2024-12-04T10:16:40.358+0100 DEBUG              [main]                         be.pxl.service.ReviewServiceApplication - Running with Spring Boot v3.3.4, Spring v6.1.13
2024-12-04T10:16:40.358+0100 INFO               [main]                         be.pxl.service.ReviewServiceApplication - No active profile set, falling back to 1 default profile: "default"
2024-12-04T10:16:47.443+0100 INFO               [main]                         be.pxl.service.ReviewServiceApplication - Started ReviewServiceApplication in 9.08 seconds (process running for 9.898)
2024-12-04T10:44:47.860+0100 INFO               [main]                         be.pxl.service.PostServiceApplication - Starting PostServiceApplication using Java 21.0.2 with PID 34524 (C:\Users\ianno\Desktop\PXL_IT\3eJaar\FullstackJava\project-IanNotermansPXL\backend-java\post-service\target\classes started by ianno in C:\Users\ianno\Desktop\PXL_IT\3eJaar\FullstackJava\project-IanNotermansPXL\backend-java)
2024-12-04T10:44:47.862+0100 DEBUG              [main]                         be.pxl.service.PostServiceApplication - Running with Spring Boot v3.3.4, Spring v6.1.13
2024-12-04T10:44:47.863+0100 INFO               [main]                         be.pxl.service.PostServiceApplication - No active profile set, falling back to 1 default profile: "default"
2024-12-04T10:49:12.777+0100 INFO               [main]                         be.pxl.service.ConfigServiceApplication - Starting ConfigServiceApplication using Java 21.0.2 with PID 37492 (C:\Users\ianno\Desktop\PXL_IT\3eJaar\FullstackJava\project-IanNotermansPXL\backend-java\config-service\target\classes started by ianno in C:\Users\ianno\Desktop\PXL_IT\3eJaar\FullstackJava\project-IanNotermansPXL\backend-java)
2024-12-04T10:49:12.779+0100 DEBUG              [main]                         be.pxl.service.ConfigServiceApplication - Running with Spring Boot v3.3.4, Spring v6.1.13
2024-12-04T10:49:12.781+0100 INFO               [main]                         be.pxl.service.ConfigServiceApplication - The following 1 profile is active: "native"
2024-12-04T10:49:16.917+0100 INFO               [main]                         be.pxl.service.ConfigServiceApplication - Started ConfigServiceApplication in 5.888 seconds (process running for 6.886)
2024-12-04T10:49:19.662+0100 INFO               [main]                         be.pxl.service.DiscoveryServiceApplication - Starting DiscoveryServiceApplication using Java 21.0.2 with PID 21352 (C:\Users\ianno\Desktop\PXL_IT\3eJaar\FullstackJava\project-IanNotermansPXL\backend-java\discovery-service\target\classes started by ianno in C:\Users\ianno\Desktop\PXL_IT\3eJaar\FullstackJava\project-IanNotermansPXL\backend-java)
2024-12-04T10:49:19.665+0100 DEBUG              [main]                         be.pxl.service.DiscoveryServiceApplication - Running with Spring Boot v3.3.4, Spring v6.1.13
2024-12-04T10:49:19.666+0100 INFO               [main]                         be.pxl.service.DiscoveryServiceApplication - No active profile set, falling back to 1 default profile: "default"
2024-12-04T10:49:23.757+0100 INFO               [main]                         be.pxl.service.GatewayServiceApplication - Starting GatewayServiceApplication using Java 21.0.2 with PID 18008 (C:\Users\ianno\Desktop\PXL_IT\3eJaar\FullstackJava\project-IanNotermansPXL\backend-java\gateway-service\target\classes started by ianno in C:\Users\ianno\Desktop\PXL_IT\3eJaar\FullstackJava\project-IanNotermansPXL\backend-java)
2024-12-04T10:49:23.760+0100 DEBUG              [main]                         be.pxl.service.GatewayServiceApplication - Running with Spring Boot v3.3.4, Spring v6.1.13
2024-12-04T10:49:23.761+0100 INFO               [main]                         be.pxl.service.GatewayServiceApplication - No active profile set, falling back to 1 default profile: "default"
2024-12-04T10:49:28.712+0100 INFO               [main]                         be.pxl.service.DiscoveryServiceApplication - Started DiscoveryServiceApplication in 11.903 seconds (process running for 12.902)
2024-12-04T10:49:32.916+0100 INFO               [main]                         be.pxl.service.GatewayServiceApplication - Started GatewayServiceApplication in 11.975 seconds (process running for 13.021)
2024-12-04T10:50:25.879+0100 INFO               [main]                         be.pxl.service.PostServiceApplication - Starting PostServiceApplication using Java 21.0.2 with PID 7288 (C:\Users\ianno\Desktop\PXL_IT\3eJaar\FullstackJava\project-IanNotermansPXL\backend-java\post-service\target\classes started by ianno in C:\Users\ianno\Desktop\PXL_IT\3eJaar\FullstackJava\project-IanNotermansPXL\backend-java)
2024-12-04T10:50:25.882+0100 DEBUG              [main]                         be.pxl.service.PostServiceApplication - Running with Spring Boot v3.3.4, Spring v6.1.13
2024-12-04T10:50:25.882+0100 INFO               [main]                         be.pxl.service.PostServiceApplication - No active profile set, falling back to 1 default profile: "default"
2024-12-04T10:55:20.256+0100 INFO               [main]                         be.pxl.service.PostServiceApplication - Starting PostServiceApplication using Java 21.0.2 with PID 34708 (C:\Users\ianno\Desktop\PXL_IT\3eJaar\FullstackJava\project-IanNotermansPXL\backend-java\post-service\target\classes started by ianno in C:\Users\ianno\Desktop\PXL_IT\3eJaar\FullstackJava\project-IanNotermansPXL\backend-java)
2024-12-04T10:55:20.257+0100 DEBUG              [main]                         be.pxl.service.PostServiceApplication - Running with Spring Boot v3.3.4, Spring v6.1.13
2024-12-04T10:55:20.257+0100 INFO               [main]                         be.pxl.service.PostServiceApplication - No active profile set, falling back to 1 default profile: "default"
2024-12-04T10:55:28.939+0100 INFO               [main]                         be.pxl.service.PostServiceApplication - Started PostServiceApplication in 11.045 seconds (process running for 12.142)
2024-12-04T10:55:37.363+0100 INFO               [main]                         be.pxl.service.ReviewServiceApplication - Starting ReviewServiceApplication using Java 21.0.2 with PID 34356 (C:\Users\ianno\Desktop\PXL_IT\3eJaar\FullstackJava\project-IanNotermansPXL\backend-java\review-service\target\classes started by ianno in C:\Users\ianno\Desktop\PXL_IT\3eJaar\FullstackJava\project-IanNotermansPXL\backend-java)
2024-12-04T10:55:37.365+0100 DEBUG              [main]                         be.pxl.service.ReviewServiceApplication - Running with Spring Boot v3.3.4, Spring v6.1.13
2024-12-04T10:55:37.365+0100 INFO               [main]                         be.pxl.service.ReviewServiceApplication - No active profile set, falling back to 1 default profile: "default"
2024-12-04T10:55:45.672+0100 INFO               [main]                         be.pxl.service.ReviewServiceApplication - Started ReviewServiceApplication in 10.943 seconds (process running for 12.172)
2024-12-04T10:56:04.973+0100 INFO               [main]                         be.pxl.service.ReviewServiceApplication - Starting ReviewServiceApplication using Java 21.0.2 with PID 41276 (C:\Users\ianno\Desktop\PXL_IT\3eJaar\FullstackJava\project-IanNotermansPXL\backend-java\review-service\target\classes started by ianno in C:\Users\ianno\Desktop\PXL_IT\3eJaar\FullstackJava\project-IanNotermansPXL\backend-java)
2024-12-04T10:56:04.975+0100 DEBUG              [main]                         be.pxl.service.ReviewServiceApplication - Running with Spring Boot v3.3.4, Spring v6.1.13
2024-12-04T10:56:04.977+0100 INFO               [main]                         be.pxl.service.ReviewServiceApplication - No active profile set, falling back to 1 default profile: "default"
2024-12-04T10:56:13.655+0100 INFO               [main]                         be.pxl.service.ReviewServiceApplication - Started ReviewServiceApplication in 11.171 seconds (process running for 12.274)
2024-12-04T10:56:46.950+0100 INFO               [main]                         be.pxl.service.GatewayServiceApplication - Starting GatewayServiceApplication using Java 21.0.2 with PID 27720 (C:\Users\ianno\Desktop\PXL_IT\3eJaar\FullstackJava\project-IanNotermansPXL\backend-java\gateway-service\target\classes started by ianno in C:\Users\ianno\Desktop\PXL_IT\3eJaar\FullstackJava\project-IanNotermansPXL\backend-java)
2024-12-04T10:56:46.952+0100 DEBUG              [main]                         be.pxl.service.GatewayServiceApplication - Running with Spring Boot v3.3.4, Spring v6.1.13
2024-12-04T10:56:46.952+0100 INFO               [main]                         be.pxl.service.GatewayServiceApplication - No active profile set, falling back to 1 default profile: "default"
2024-12-04T10:56:55.176+0100 INFO               [main]                         be.pxl.service.GatewayServiceApplication - Started GatewayServiceApplication in 10.633 seconds (process running for 11.762)
2024-12-04T11:00:17.698+0100 INFO               [main]                         be.pxl.service.ReviewServiceApplication - Starting ReviewServiceApplication using Java 21.0.2 with PID 35500 (C:\Users\ianno\Desktop\PXL_IT\3eJaar\FullstackJava\project-IanNotermansPXL\backend-java\review-service\target\classes started by ianno in C:\Users\ianno\Desktop\PXL_IT\3eJaar\FullstackJava\project-IanNotermansPXL\backend-java)
2024-12-04T11:00:17.700+0100 DEBUG              [main]                         be.pxl.service.ReviewServiceApplication - Running with Spring Boot v3.3.4, Spring v6.1.13
2024-12-04T11:00:17.702+0100 INFO               [main]                         be.pxl.service.ReviewServiceApplication - No active profile set, falling back to 1 default profile: "default"
2024-12-04T11:00:26.505+0100 INFO               [main]                         be.pxl.service.ReviewServiceApplication - Started ReviewServiceApplication in 11.368 seconds (process running for 12.533)
2024-12-04T11:02:59.172+0100 INFO               [main]                         be.pxl.service.ReviewServiceApplication - Starting ReviewServiceApplication using Java 21.0.2 with PID 20876 (C:\Users\ianno\Desktop\PXL_IT\3eJaar\FullstackJava\project-IanNotermansPXL\backend-java\review-service\target\classes started by ianno in C:\Users\ianno\Desktop\PXL_IT\3eJaar\FullstackJava\project-IanNotermansPXL\backend-java)
2024-12-04T11:02:59.173+0100 DEBUG              [main]                         be.pxl.service.ReviewServiceApplication - Running with Spring Boot v3.3.4, Spring v6.1.13
2024-12-04T11:02:59.175+0100 INFO               [main]                         be.pxl.service.ReviewServiceApplication - No active profile set, falling back to 1 default profile: "default"
2024-12-04T11:03:08.707+0100 INFO               [main]                         be.pxl.service.ReviewServiceApplication - Started ReviewServiceApplication in 12.017 seconds (process running for 12.981)
2024-12-04T11:08:50.175+0100 INFO               [main]                         be.pxl.service.PostServiceApplication - Starting PostServiceApplication using Java 21.0.2 with PID 35196 (C:\Users\ianno\Desktop\PXL_IT\3eJaar\FullstackJava\project-IanNotermansPXL\backend-java\post-service\target\classes started by ianno in C:\Users\ianno\Desktop\PXL_IT\3eJaar\FullstackJava\project-IanNotermansPXL\backend-java)
2024-12-04T11:08:50.177+0100 DEBUG              [main]                         be.pxl.service.PostServiceApplication - Running with Spring Boot v3.3.4, Spring v6.1.13
2024-12-04T11:08:50.178+0100 INFO               [main]                         be.pxl.service.PostServiceApplication - No active profile set, falling back to 1 default profile: "default"
2024-12-04T11:08:55.384+0100 INFO               [main]                         be.pxl.service.ReviewServiceApplication - Starting ReviewServiceApplication using Java 21.0.2 with PID 33416 (C:\Users\ianno\Desktop\PXL_IT\3eJaar\FullstackJava\project-IanNotermansPXL\backend-java\review-service\target\classes started by ianno in C:\Users\ianno\Desktop\PXL_IT\3eJaar\FullstackJava\project-IanNotermansPXL\backend-java)
2024-12-04T11:08:55.386+0100 DEBUG              [main]                         be.pxl.service.ReviewServiceApplication - Running with Spring Boot v3.3.4, Spring v6.1.13
2024-12-04T11:08:55.386+0100 INFO               [main]                         be.pxl.service.ReviewServiceApplication - No active profile set, falling back to 1 default profile: "default"
2024-12-04T11:08:59.975+0100 INFO               [main]                         be.pxl.service.PostServiceApplication - Started PostServiceApplication in 12.003 seconds (process running for 13.009)
2024-12-04T11:09:04.844+0100 INFO               [main]                         be.pxl.service.ReviewServiceApplication - Started ReviewServiceApplication in 11.923 seconds (process running for 12.999)
2024-12-04T11:14:07.456+0100 INFO               [main]                         be.pxl.service.ConfigServiceApplication - Starting ConfigServiceApplication using Java 21.0.2 with PID 36412 (C:\Users\ianno\Desktop\PXL_IT\3eJaar\FullstackJava\project-IanNotermansPXL\backend-java\config-service\target\classes started by ianno in C:\Users\ianno\Desktop\PXL_IT\3eJaar\FullstackJava\project-IanNotermansPXL\backend-java)
2024-12-04T11:14:07.457+0100 DEBUG              [main]                         be.pxl.service.ConfigServiceApplication - Running with Spring Boot v3.3.4, Spring v6.1.13
2024-12-04T11:14:07.458+0100 INFO               [main]                         be.pxl.service.ConfigServiceApplication - The following 1 profile is active: "native"
2024-12-04T11:14:11.253+0100 INFO               [main]                         be.pxl.service.ConfigServiceApplication - Started ConfigServiceApplication in 5.478 seconds (process running for 6.35)
2024-12-04T11:14:15.563+0100 INFO               [main]                         be.pxl.service.DiscoveryServiceApplication - Starting DiscoveryServiceApplication using Java 21.0.2 with PID 18624 (C:\Users\ianno\Desktop\PXL_IT\3eJaar\FullstackJava\project-IanNotermansPXL\backend-java\discovery-service\target\classes started by ianno in C:\Users\ianno\Desktop\PXL_IT\3eJaar\FullstackJava\project-IanNotermansPXL\backend-java)
2024-12-04T11:14:15.565+0100 DEBUG              [main]                         be.pxl.service.DiscoveryServiceApplication - Running with Spring Boot v3.3.4, Spring v6.1.13
2024-12-04T11:14:15.565+0100 INFO               [main]                         be.pxl.service.DiscoveryServiceApplication - No active profile set, falling back to 1 default profile: "default"
2024-12-04T11:14:21.929+0100 INFO               [main]                         be.pxl.service.GatewayServiceApplication - Starting GatewayServiceApplication using Java 21.0.2 with PID 39588 (C:\Users\ianno\Desktop\PXL_IT\3eJaar\FullstackJava\project-IanNotermansPXL\backend-java\gateway-service\target\classes started by ianno in C:\Users\ianno\Desktop\PXL_IT\3eJaar\FullstackJava\project-IanNotermansPXL\backend-java)
2024-12-04T11:14:21.930+0100 DEBUG              [main]                         be.pxl.service.GatewayServiceApplication - Running with Spring Boot v3.3.4, Spring v6.1.13
2024-12-04T11:14:21.931+0100 INFO               [main]                         be.pxl.service.GatewayServiceApplication - No active profile set, falling back to 1 default profile: "default"
2024-12-04T11:14:22.635+0100 INFO               [main]                         be.pxl.service.DiscoveryServiceApplication - Started DiscoveryServiceApplication in 9.727 seconds (process running for 10.711)
2024-12-04T11:14:29.898+0100 INFO               [main]                         be.pxl.service.GatewayServiceApplication - Started GatewayServiceApplication in 10.402 seconds (process running for 11.336)
2024-12-04T11:14:54.124+0100 INFO               [main]                         be.pxl.service.PostServiceApplication - Starting PostServiceApplication using Java 21.0.2 with PID 7136 (C:\Users\ianno\Desktop\PXL_IT\3eJaar\FullstackJava\project-IanNotermansPXL\backend-java\post-service\target\classes started by ianno in C:\Users\ianno\Desktop\PXL_IT\3eJaar\FullstackJava\project-IanNotermansPXL\backend-java)
2024-12-04T11:14:54.126+0100 DEBUG              [main]                         be.pxl.service.PostServiceApplication - Running with Spring Boot v3.3.4, Spring v6.1.13
2024-12-04T11:14:54.127+0100 INFO               [main]                         be.pxl.service.PostServiceApplication - No active profile set, falling back to 1 default profile: "default"
2024-12-04T11:14:57.029+0100 INFO               [main]                         be.pxl.service.ReviewServiceApplication - Starting ReviewServiceApplication using Java 21.0.2 with PID 30784 (C:\Users\ianno\Desktop\PXL_IT\3eJaar\FullstackJava\project-IanNotermansPXL\backend-java\review-service\target\classes started by ianno in C:\Users\ianno\Desktop\PXL_IT\3eJaar\FullstackJava\project-IanNotermansPXL\backend-java)
2024-12-04T11:14:57.030+0100 DEBUG              [main]                         be.pxl.service.ReviewServiceApplication - Running with Spring Boot v3.3.4, Spring v6.1.13
2024-12-04T11:14:57.030+0100 INFO               [main]                         be.pxl.service.ReviewServiceApplication - No active profile set, falling back to 1 default profile: "default"
2024-12-04T11:15:03.464+0100 INFO               [main]                         be.pxl.service.PostServiceApplication - Started PostServiceApplication in 11.786 seconds (process running for 12.687)
2024-12-04T11:15:05.610+0100 INFO               [main]                         be.pxl.service.ReviewServiceApplication - Started ReviewServiceApplication in 11.233 seconds (process running for 12.195)
2024-12-04T11:18:00.667+0100 INFO               [main]                         be.pxl.service.PostServiceApplication - Starting PostServiceApplication using Java 21.0.2 with PID 37388 (C:\Users\ianno\Desktop\PXL_IT\3eJaar\FullstackJava\project-IanNotermansPXL\backend-java\post-service\target\classes started by ianno in C:\Users\ianno\Desktop\PXL_IT\3eJaar\FullstackJava\project-IanNotermansPXL\backend-java)
2024-12-04T11:18:00.668+0100 DEBUG              [main]                         be.pxl.service.PostServiceApplication - Running with Spring Boot v3.3.4, Spring v6.1.13
2024-12-04T11:18:00.669+0100 INFO               [main]                         be.pxl.service.PostServiceApplication - No active profile set, falling back to 1 default profile: "default"
2024-12-04T11:18:04.800+0100 INFO               [main]                         be.pxl.service.ReviewServiceApplication - Starting ReviewServiceApplication using Java 21.0.2 with PID 7412 (C:\Users\ianno\Desktop\PXL_IT\3eJaar\FullstackJava\project-IanNotermansPXL\backend-java\review-service\target\classes started by ianno in C:\Users\ianno\Desktop\PXL_IT\3eJaar\FullstackJava\project-IanNotermansPXL\backend-java)
2024-12-04T11:18:04.802+0100 DEBUG              [main]                         be.pxl.service.ReviewServiceApplication - Running with Spring Boot v3.3.4, Spring v6.1.13
2024-12-04T11:18:04.802+0100 INFO               [main]                         be.pxl.service.ReviewServiceApplication - No active profile set, falling back to 1 default profile: "default"
2024-12-04T11:18:09.813+0100 INFO               [main]                         be.pxl.service.PostServiceApplication - Started PostServiceApplication in 11.456 seconds (process running for 12.551)
2024-12-04T11:18:13.162+0100 INFO               [main]                         be.pxl.service.ReviewServiceApplication - Started ReviewServiceApplication in 10.6 seconds (process running for 11.724)
2024-12-04T11:18:34.032+0100 INFO               [main]                         be.pxl.service.GatewayServiceApplication - Starting GatewayServiceApplication using Java 21.0.2 with PID 12172 (C:\Users\ianno\Desktop\PXL_IT\3eJaar\FullstackJava\project-IanNotermansPXL\backend-java\gateway-service\target\classes started by ianno in C:\Users\ianno\Desktop\PXL_IT\3eJaar\FullstackJava\project-IanNotermansPXL\backend-java)
2024-12-04T11:18:34.033+0100 DEBUG              [main]                         be.pxl.service.GatewayServiceApplication - Running with Spring Boot v3.3.4, Spring v6.1.13
2024-12-04T11:18:34.035+0100 INFO               [main]                         be.pxl.service.GatewayServiceApplication - No active profile set, falling back to 1 default profile: "default"
2024-12-04T11:18:41.872+0100 INFO               [main]                         be.pxl.service.GatewayServiceApplication - Started GatewayServiceApplication in 10.188 seconds (process running for 11.291)
2024-12-04T11:22:08.596+0100 INFO               [main]                         be.pxl.service.ConfigServiceApplication - Starting ConfigServiceApplication using Java 21.0.2 with PID 12712 (C:\Users\ianno\Desktop\PXL_IT\3eJaar\FullstackJava\project-IanNotermansPXL\backend-java\config-service\target\classes started by ianno in C:\Users\ianno\Desktop\PXL_IT\3eJaar\FullstackJava\project-IanNotermansPXL\backend-java)
2024-12-04T11:22:08.597+0100 DEBUG              [main]                         be.pxl.service.ConfigServiceApplication - Running with Spring Boot v3.3.4, Spring v6.1.13
2024-12-04T11:22:08.598+0100 INFO               [main]                         be.pxl.service.ConfigServiceApplication - The following 1 profile is active: "native"
2024-12-04T11:22:12.305+0100 INFO               [main]                         be.pxl.service.ConfigServiceApplication - Started ConfigServiceApplication in 5.336 seconds (process running for 6.083)
2024-12-04T11:26:09.284+0100 INFO               [main]                         be.pxl.service.DiscoveryServiceApplication - Starting DiscoveryServiceApplication using Java 21.0.2 with PID 38380 (C:\Users\ianno\Desktop\PXL_IT\3eJaar\FullstackJava\project-IanNotermansPXL\backend-java\discovery-service\target\classes started by ianno in C:\Users\ianno\Desktop\PXL_IT\3eJaar\FullstackJava\project-IanNotermansPXL\backend-java)
2024-12-04T11:26:09.286+0100 DEBUG              [main]                         be.pxl.service.DiscoveryServiceApplication - Running with Spring Boot v3.3.4, Spring v6.1.13
2024-12-04T11:26:09.286+0100 INFO               [main]                         be.pxl.service.DiscoveryServiceApplication - No active profile set, falling back to 1 default profile: "default"
2024-12-04T11:26:15.784+0100 INFO               [main]                         be.pxl.service.DiscoveryServiceApplication - Started DiscoveryServiceApplication in 8.944 seconds (process running for 9.929)
2024-12-04T11:26:15.978+0100 INFO               [main]                         be.pxl.service.GatewayServiceApplication - Starting GatewayServiceApplication using Java 21.0.2 with PID 9448 (C:\Users\ianno\Desktop\PXL_IT\3eJaar\FullstackJava\project-IanNotermansPXL\backend-java\gateway-service\target\classes started by ianno in C:\Users\ianno\Desktop\PXL_IT\3eJaar\FullstackJava\project-IanNotermansPXL\backend-java)
2024-12-04T11:26:15.980+0100 DEBUG              [main]                         be.pxl.service.GatewayServiceApplication - Running with Spring Boot v3.3.4, Spring v6.1.13
2024-12-04T11:26:15.981+0100 INFO               [main]                         be.pxl.service.GatewayServiceApplication - No active profile set, falling back to 1 default profile: "default"
2024-12-04T11:26:22.884+0100 INFO               [main]                         be.pxl.service.PostServiceApplication - Starting PostServiceApplication using Java 21.0.2 with PID 32516 (C:\Users\ianno\Desktop\PXL_IT\3eJaar\FullstackJava\project-IanNotermansPXL\backend-java\post-service\target\classes started by ianno in C:\Users\ianno\Desktop\PXL_IT\3eJaar\FullstackJava\project-IanNotermansPXL\backend-java)
2024-12-04T11:26:22.886+0100 DEBUG              [main]                         be.pxl.service.PostServiceApplication - Running with Spring Boot v3.3.4, Spring v6.1.13
2024-12-04T11:26:22.888+0100 INFO               [main]                         be.pxl.service.PostServiceApplication - No active profile set, falling back to 1 default profile: "default"
2024-12-04T11:26:25.855+0100 INFO               [main]                         be.pxl.service.ReviewServiceApplication - Starting ReviewServiceApplication using Java 21.0.2 with PID 23260 (C:\Users\ianno\Desktop\PXL_IT\3eJaar\FullstackJava\project-IanNotermansPXL\backend-java\review-service\target\classes started by ianno in C:\Users\ianno\Desktop\PXL_IT\3eJaar\FullstackJava\project-IanNotermansPXL\backend-java)
2024-12-04T11:26:25.856+0100 DEBUG              [main]                         be.pxl.service.ReviewServiceApplication - Running with Spring Boot v3.3.4, Spring v6.1.13
2024-12-04T11:26:25.857+0100 INFO               [main]                         be.pxl.service.ReviewServiceApplication - No active profile set, falling back to 1 default profile: "default"
2024-12-04T11:26:25.859+0100 INFO               [main]                         be.pxl.service.GatewayServiceApplication - Started GatewayServiceApplication in 12.485 seconds (process running for 13.35)
2024-12-04T11:26:32.048+0100 INFO               [main]                         be.pxl.service.PostServiceApplication - Started PostServiceApplication in 11.734 seconds (process running for 12.715)
2024-12-04T11:26:34.423+0100 INFO               [main]                         be.pxl.service.ReviewServiceApplication - Started ReviewServiceApplication in 11.035 seconds (process running for 12.097)
2024-12-04T11:31:26.728+0100 INFO               [main]                         be.pxl.service.PostServiceApplication - Starting PostServiceApplication using Java 21.0.2 with PID 21100 (C:\Users\ianno\Desktop\PXL_IT\3eJaar\FullstackJava\project-IanNotermansPXL\backend-java\post-service\target\classes started by ianno in C:\Users\ianno\Desktop\PXL_IT\3eJaar\FullstackJava\project-IanNotermansPXL\backend-java)
2024-12-04T11:31:26.729+0100 DEBUG              [main]                         be.pxl.service.PostServiceApplication - Running with Spring Boot v3.3.4, Spring v6.1.13
2024-12-04T11:31:26.730+0100 INFO               [main]                         be.pxl.service.PostServiceApplication - No active profile set, falling back to 1 default profile: "default"
2024-12-04T11:31:35.259+0100 INFO               [main]                         be.pxl.service.PostServiceApplication - Started PostServiceApplication in 10.636 seconds (process running for 11.503)
2024-12-04T11:33:07.585+0100 INFO               [main]                         be.pxl.service.ConfigServiceApplication - Starting ConfigServiceApplication using Java 21.0.2 with PID 21432 (C:\Users\ianno\Desktop\PXL_IT\3eJaar\FullstackJava\project-IanNotermansPXL\backend-java\config-service\target\classes started by ianno in C:\Users\ianno\Desktop\PXL_IT\3eJaar\FullstackJava\project-IanNotermansPXL\backend-java)
2024-12-04T11:33:07.587+0100 DEBUG              [main]                         be.pxl.service.ConfigServiceApplication - Running with Spring Boot v3.3.4, Spring v6.1.13
2024-12-04T11:33:07.587+0100 INFO               [main]                         be.pxl.service.ConfigServiceApplication - The following 1 profile is active: "native"
2024-12-04T11:33:11.463+0100 INFO               [main]                         be.pxl.service.ConfigServiceApplication - Started ConfigServiceApplication in 5.531 seconds (process running for 6.258)
2024-12-04T11:33:19.459+0100 INFO               [main]                         be.pxl.service.DiscoveryServiceApplication - Starting DiscoveryServiceApplication using Java 21.0.2 with PID 25620 (C:\Users\ianno\Desktop\PXL_IT\3eJaar\FullstackJava\project-IanNotermansPXL\backend-java\discovery-service\target\classes started by ianno in C:\Users\ianno\Desktop\PXL_IT\3eJaar\FullstackJava\project-IanNotermansPXL\backend-java)
2024-12-04T11:33:19.461+0100 DEBUG              [main]                         be.pxl.service.DiscoveryServiceApplication - Running with Spring Boot v3.3.4, Spring v6.1.13
2024-12-04T11:33:19.462+0100 INFO               [main]                         be.pxl.service.DiscoveryServiceApplication - No active profile set, falling back to 1 default profile: "default"
2024-12-04T11:33:26.308+0100 INFO               [main]                         be.pxl.service.DiscoveryServiceApplication - Started DiscoveryServiceApplication in 9.363 seconds (process running for 10.493)
2024-12-04T11:33:34.220+0100 INFO               [main]                         be.pxl.service.GatewayServiceApplication - Starting GatewayServiceApplication using Java 21.0.2 with PID 36000 (C:\Users\ianno\Desktop\PXL_IT\3eJaar\FullstackJava\project-IanNotermansPXL\backend-java\gateway-service\target\classes started by ianno in C:\Users\ianno\Desktop\PXL_IT\3eJaar\FullstackJava\project-IanNotermansPXL\backend-java)
2024-12-04T11:33:34.222+0100 DEBUG              [main]                         be.pxl.service.GatewayServiceApplication - Running with Spring Boot v3.3.4, Spring v6.1.13
2024-12-04T11:33:34.222+0100 INFO               [main]                         be.pxl.service.GatewayServiceApplication - No active profile set, falling back to 1 default profile: "default"
2024-12-04T11:33:41.036+0100 INFO               [main]                         be.pxl.service.PostServiceApplication - Starting PostServiceApplication using Java 21.0.2 with PID 37808 (C:\Users\ianno\Desktop\PXL_IT\3eJaar\FullstackJava\project-IanNotermansPXL\backend-java\post-service\target\classes started by ianno in C:\Users\ianno\Desktop\PXL_IT\3eJaar\FullstackJava\project-IanNotermansPXL\backend-java)
2024-12-04T11:33:41.039+0100 DEBUG              [main]                         be.pxl.service.PostServiceApplication - Running with Spring Boot v3.3.4, Spring v6.1.13
2024-12-04T11:33:41.041+0100 INFO               [main]                         be.pxl.service.PostServiceApplication - No active profile set, falling back to 1 default profile: "default"
2024-12-04T11:33:42.452+0100 INFO               [main]                         be.pxl.service.GatewayServiceApplication - Started GatewayServiceApplication in 10.649 seconds (process running for 11.864)
2024-12-04T11:33:47.681+0100 INFO               [main]                         be.pxl.service.ReviewServiceApplication - Starting ReviewServiceApplication using Java 21.0.2 with PID 28056 (C:\Users\ianno\Desktop\PXL_IT\3eJaar\FullstackJava\project-IanNotermansPXL\backend-java\review-service\target\classes started by ianno in C:\Users\ianno\Desktop\PXL_IT\3eJaar\FullstackJava\project-IanNotermansPXL\backend-java)
2024-12-04T11:33:47.683+0100 DEBUG              [main]                         be.pxl.service.ReviewServiceApplication - Running with Spring Boot v3.3.4, Spring v6.1.13
2024-12-04T11:33:47.683+0100 INFO               [main]                         be.pxl.service.ReviewServiceApplication - No active profile set, falling back to 1 default profile: "default"
2024-12-04T11:33:49.980+0100 INFO               [main]                         be.pxl.service.PostServiceApplication - Started PostServiceApplication in 11.356 seconds (process running for 12.429)
2024-12-04T11:33:57.074+0100 INFO               [main]                         be.pxl.service.ReviewServiceApplication - Started ReviewServiceApplication in 11.671 seconds (process running for 12.66)
2024-12-04T11:38:18.781+0100 INFO               [main]                         be.pxl.service.PostServiceApplication - Starting PostServiceApplication using Java 21.0.2 with PID 10676 (C:\Users\ianno\Desktop\PXL_IT\3eJaar\FullstackJava\project-IanNotermansPXL\backend-java\post-service\target\classes started by ianno in C:\Users\ianno\Desktop\PXL_IT\3eJaar\FullstackJava\project-IanNotermansPXL\backend-java)
2024-12-04T11:38:18.782+0100 DEBUG              [main]                         be.pxl.service.PostServiceApplication - Running with Spring Boot v3.3.4, Spring v6.1.13
2024-12-04T11:38:18.783+0100 INFO               [main]                         be.pxl.service.PostServiceApplication - No active profile set, falling back to 1 default profile: "default"
2024-12-04T11:38:23.262+0100 INFO               [main]                         be.pxl.service.ReviewServiceApplication - Starting ReviewServiceApplication using Java 21.0.2 with PID 32856 (C:\Users\ianno\Desktop\PXL_IT\3eJaar\FullstackJava\project-IanNotermansPXL\backend-java\review-service\target\classes started by ianno in C:\Users\ianno\Desktop\PXL_IT\3eJaar\FullstackJava\project-IanNotermansPXL\backend-java)
2024-12-04T11:38:23.263+0100 DEBUG              [main]                         be.pxl.service.ReviewServiceApplication - Running with Spring Boot v3.3.4, Spring v6.1.13
2024-12-04T11:38:23.264+0100 INFO               [main]                         be.pxl.service.ReviewServiceApplication - No active profile set, falling back to 1 default profile: "default"
2024-12-04T11:38:26.994+0100 INFO               [main]                         be.pxl.service.PostServiceApplication - Started PostServiceApplication in 10.337 seconds (process running for 11.212)
2024-12-04T11:38:30.485+0100 INFO               [main]                         be.pxl.service.ReviewServiceApplication - Started ReviewServiceApplication in 9.401 seconds (process running for 10.227)
2024-12-04T11:50:43.868+0100 INFO               [main]                         be.pxl.service.ConfigServiceApplication - Starting ConfigServiceApplication using Java 21.0.2 with PID 23624 (C:\Users\ianno\Desktop\PXL_IT\3eJaar\FullstackJava\project-IanNotermansPXL\backend-java\config-service\target\classes started by ianno in C:\Users\ianno\Desktop\PXL_IT\3eJaar\FullstackJava\project-IanNotermansPXL\backend-java)
2024-12-04T11:50:43.870+0100 DEBUG              [main]                         be.pxl.service.ConfigServiceApplication - Running with Spring Boot v3.3.4, Spring v6.1.13
2024-12-04T11:50:43.870+0100 INFO               [main]                         be.pxl.service.ConfigServiceApplication - The following 1 profile is active: "native"
2024-12-04T11:50:47.340+0100 INFO               [main]                         be.pxl.service.ConfigServiceApplication - Started ConfigServiceApplication in 5.008 seconds (process running for 5.657)
2024-12-04T11:50:58.164+0100 INFO               [main]                         be.pxl.service.DiscoveryServiceApplication - Starting DiscoveryServiceApplication using Java 21.0.2 with PID 27732 (C:\Users\ianno\Desktop\PXL_IT\3eJaar\FullstackJava\project-IanNotermansPXL\backend-java\discovery-service\target\classes started by ianno in C:\Users\ianno\Desktop\PXL_IT\3eJaar\FullstackJava\project-IanNotermansPXL\backend-java)
2024-12-04T11:50:58.165+0100 DEBUG              [main]                         be.pxl.service.DiscoveryServiceApplication - Running with Spring Boot v3.3.4, Spring v6.1.13
2024-12-04T11:50:58.166+0100 INFO               [main]                         be.pxl.service.DiscoveryServiceApplication - No active profile set, falling back to 1 default profile: "default"
2024-12-04T11:51:02.362+0100 INFO               [main]                         be.pxl.service.GatewayServiceApplication - Starting GatewayServiceApplication using Java 21.0.2 with PID 2340 (C:\Users\ianno\Desktop\PXL_IT\3eJaar\FullstackJava\project-IanNotermansPXL\backend-java\gateway-service\target\classes started by ianno in C:\Users\ianno\Desktop\PXL_IT\3eJaar\FullstackJava\project-IanNotermansPXL\backend-java)
2024-12-04T11:51:02.365+0100 DEBUG              [main]                         be.pxl.service.GatewayServiceApplication - Running with Spring Boot v3.3.4, Spring v6.1.13
2024-12-04T11:51:02.368+0100 INFO               [main]                         be.pxl.service.GatewayServiceApplication - No active profile set, falling back to 1 default profile: "default"
2024-12-04T11:51:04.965+0100 INFO               [main]                         be.pxl.service.DiscoveryServiceApplication - Started DiscoveryServiceApplication in 8.997 seconds (process running for 9.694)
2024-12-04T11:51:09.968+0100 INFO               [main]                         be.pxl.service.GatewayServiceApplication - Started GatewayServiceApplication in 9.836 seconds (process running for 10.683)
2024-12-04T11:51:24.838+0100 INFO               [main]                         be.pxl.service.PostServiceApplication - Starting PostServiceApplication using Java 21.0.2 with PID 4228 (C:\Users\ianno\Desktop\PXL_IT\3eJaar\FullstackJava\project-IanNotermansPXL\backend-java\post-service\target\classes started by ianno in C:\Users\ianno\Desktop\PXL_IT\3eJaar\FullstackJava\project-IanNotermansPXL\backend-java)
2024-12-04T11:51:24.840+0100 DEBUG              [main]                         be.pxl.service.PostServiceApplication - Running with Spring Boot v3.3.4, Spring v6.1.13
2024-12-04T11:51:24.841+0100 INFO               [main]                         be.pxl.service.PostServiceApplication - No active profile set, falling back to 1 default profile: "default"
2024-12-04T11:51:29.405+0100 INFO               [main]                         be.pxl.service.ReviewServiceApplication - Starting ReviewServiceApplication using Java 21.0.2 with PID 1328 (C:\Users\ianno\Desktop\PXL_IT\3eJaar\FullstackJava\project-IanNotermansPXL\backend-java\review-service\target\classes started by ianno in C:\Users\ianno\Desktop\PXL_IT\3eJaar\FullstackJava\project-IanNotermansPXL\backend-java)
2024-12-04T11:51:29.407+0100 DEBUG              [main]                         be.pxl.service.ReviewServiceApplication - Running with Spring Boot v3.3.4, Spring v6.1.13
2024-12-04T11:51:29.407+0100 INFO               [main]                         be.pxl.service.ReviewServiceApplication - No active profile set, falling back to 1 default profile: "default"
2024-12-04T11:51:32.827+0100 INFO               [main]                         be.pxl.service.PostServiceApplication - Started PostServiceApplication in 10.075 seconds (process running for 10.857)
2024-12-04T11:51:36.650+0100 INFO               [main]                         be.pxl.service.ReviewServiceApplication - Started ReviewServiceApplication in 9.38 seconds (process running for 10.183)
2024-12-04T11:51:57.771+0100 INFO               [main]                         be.pxl.service.GatewayServiceApplication - Starting GatewayServiceApplication using Java 21.0.2 with PID 30844 (C:\Users\ianno\Desktop\PXL_IT\3eJaar\FullstackJava\project-IanNotermansPXL\backend-java\gateway-service\target\classes started by ianno in C:\Users\ianno\Desktop\PXL_IT\3eJaar\FullstackJava\project-IanNotermansPXL\backend-java)
2024-12-04T11:51:57.773+0100 DEBUG              [main]                         be.pxl.service.GatewayServiceApplication - Running with Spring Boot v3.3.4, Spring v6.1.13
2024-12-04T11:51:57.773+0100 INFO               [main]                         be.pxl.service.GatewayServiceApplication - No active profile set, falling back to 1 default profile: "default"
2024-12-04T11:52:05.019+0100 INFO               [main]                         be.pxl.service.GatewayServiceApplication - Started GatewayServiceApplication in 9.262 seconds (process running for 10.018)
2024-12-04T11:54:31.497+0100 INFO               [main]                         be.pxl.service.PostServiceApplication - Starting PostServiceApplication using Java 21.0.2 with PID 27512 (C:\Users\ianno\Desktop\PXL_IT\3eJaar\FullstackJava\project-IanNotermansPXL\backend-java\post-service\target\classes started by ianno in C:\Users\ianno\Desktop\PXL_IT\3eJaar\FullstackJava\project-IanNotermansPXL\backend-java)
2024-12-04T11:54:31.498+0100 DEBUG              [main]                         be.pxl.service.PostServiceApplication - Running with Spring Boot v3.3.4, Spring v6.1.13
2024-12-04T11:54:31.499+0100 INFO               [main]                         be.pxl.service.PostServiceApplication - No active profile set, falling back to 1 default profile: "default"
2024-12-04T11:54:38.767+0100 INFO               [main]                         be.pxl.service.PostServiceApplication - Started PostServiceApplication in 9.345 seconds (process running for 10.169)
2024-12-04T11:55:52.877+0100 INFO               [main]                         be.pxl.service.PostServiceApplication - Starting PostServiceApplication using Java 21.0.2 with PID 36464 (C:\Users\ianno\Desktop\PXL_IT\3eJaar\FullstackJava\project-IanNotermansPXL\backend-java\post-service\target\classes started by ianno in C:\Users\ianno\Desktop\PXL_IT\3eJaar\FullstackJava\project-IanNotermansPXL\backend-java)
2024-12-04T11:55:52.879+0100 DEBUG              [main]                         be.pxl.service.PostServiceApplication - Running with Spring Boot v3.3.4, Spring v6.1.13
2024-12-04T11:55:52.879+0100 INFO               [main]                         be.pxl.service.PostServiceApplication - No active profile set, falling back to 1 default profile: "default"
2024-12-04T11:56:00.227+0100 INFO               [main]                         be.pxl.service.PostServiceApplication - Started PostServiceApplication in 9.42 seconds (process running for 10.3)
2024-12-04T11:56:13.315+0100 INFO               [http-nio-8082-exec-1]         be.pxl.service.controller.PostController - Adding new post
2024-12-04T11:56:26.316+0100 INFO               [http-nio-8082-exec-2]         be.pxl.service.controller.PostController - Adding new post
2024-12-04T11:56:35.318+0100 INFO               [http-nio-8082-exec-3]         be.pxl.service.controller.PostController - Adding new post
2024-12-04T11:58:40.330+0100 INFO               [main]                         be.pxl.service.PostServiceApplication - Starting PostServiceApplication using Java 21.0.2 with PID 7348 (C:\Users\ianno\Desktop\PXL_IT\3eJaar\FullstackJava\project-IanNotermansPXL\backend-java\post-service\target\classes started by ianno in C:\Users\ianno\Desktop\PXL_IT\3eJaar\FullstackJava\project-IanNotermansPXL\backend-java)
2024-12-04T11:58:40.331+0100 DEBUG              [main]                         be.pxl.service.PostServiceApplication - Running with Spring Boot v3.3.4, Spring v6.1.13
2024-12-04T11:58:40.331+0100 INFO               [main]                         be.pxl.service.PostServiceApplication - No active profile set, falling back to 1 default profile: "default"
2024-12-04T11:58:47.737+0100 INFO               [main]                         be.pxl.service.PostServiceApplication - Started PostServiceApplication in 9.471 seconds (process running for 10.25)
2024-12-04T11:59:29.593+0100 INFO               [main]                         be.pxl.service.PostServiceApplication - Starting PostServiceApplication using Java 21.0.2 with PID 35640 (C:\Users\ianno\Desktop\PXL_IT\3eJaar\FullstackJava\project-IanNotermansPXL\backend-java\post-service\target\classes started by ianno in C:\Users\ianno\Desktop\PXL_IT\3eJaar\FullstackJava\project-IanNotermansPXL\backend-java)
2024-12-04T11:59:29.594+0100 DEBUG              [main]                         be.pxl.service.PostServiceApplication - Running with Spring Boot v3.3.4, Spring v6.1.13
2024-12-04T11:59:29.594+0100 INFO               [main]                         be.pxl.service.PostServiceApplication - No active profile set, falling back to 1 default profile: "default"
2024-12-04T11:59:37.010+0100 INFO               [main]                         be.pxl.service.PostServiceApplication - Started PostServiceApplication in 9.64 seconds (process running for 10.422)
2024-12-04T11:59:54.897+0100 INFO               [main]                         be.pxl.service.GatewayServiceApplication - Starting GatewayServiceApplication using Java 21.0.2 with PID 12036 (C:\Users\ianno\Desktop\PXL_IT\3eJaar\FullstackJava\project-IanNotermansPXL\backend-java\gateway-service\target\classes started by ianno in C:\Users\ianno\Desktop\PXL_IT\3eJaar\FullstackJava\project-IanNotermansPXL\backend-java)
2024-12-04T11:59:54.899+0100 DEBUG              [main]                         be.pxl.service.GatewayServiceApplication - Running with Spring Boot v3.3.4, Spring v6.1.13
2024-12-04T11:59:54.902+0100 INFO               [main]                         be.pxl.service.GatewayServiceApplication - No active profile set, falling back to 1 default profile: "default"
2024-12-04T12:00:02.966+0100 INFO               [main]                         be.pxl.service.GatewayServiceApplication - Started GatewayServiceApplication in 10.065 seconds (process running for 10.801)
2024-12-04T12:00:07.696+0100 INFO               [http-nio-8082-exec-1]         be.pxl.service.controller.PostController - Adding new post
