2025-01-02T14:27:51.645+0100 INFO               [main]                         be.pxl.service.CommentServiceApplication - Starting CommentServiceApplication using Java 21.0.2 with PID 23336 (C:\Users\ianno\Desktop\PXL_IT\3eJaar\FullstackJava\project-IanNotermansPXL\backend-java\comment-service\target\classes started by ianno in C:\Users\ianno\Desktop\PXL_IT\3eJaar\FullstackJava\project-IanNotermansPXL\backend-java)
2025-01-02T14:27:51.646+0100 DEBUG              [main]                         be.pxl.service.CommentServiceApplication - Running with Spring Boot v3.3.4, Spring v6.1.13
2025-01-02T14:27:51.648+0100 INFO               [main]                         be.pxl.service.CommentServiceApplication - No active profile set, falling back to 1 default profile: "default"
2025-01-02T14:27:59.827+0100 INFO               [main]                         be.pxl.service.CommentServiceApplication - Started CommentServiceApplication in 10.453 seconds (process running for 11.457)
2025-01-02T14:32:06.728+0100 INFO               [http-nio-8083-exec-2]         be.pxl.service.controller.CommentController - Adding new comment
2025-01-02T14:35:46.492+0100 INFO               [http-nio-8083-exec-6]         be.pxl.service.controller.CommentController - Adding new comment
2025-01-02T14:35:52.349+0100 INFO               [http-nio-8083-exec-5]         be.pxl.service.controller.CommentController - Adding new comment
2025-01-02T14:40:36.357+0100 INFO               [main]                         be.pxl.service.CommentServiceApplication - Starting CommentServiceApplication using Java 21.0.2 with PID 51832 (C:\Users\ianno\Desktop\PXL_IT\3eJaar\FullstackJava\project-IanNotermansPXL\backend-java\comment-service\target\classes started by ianno in C:\Users\ianno\Desktop\PXL_IT\3eJaar\FullstackJava\project-IanNotermansPXL\backend-java)
2025-01-02T14:40:36.359+0100 DEBUG              [main]                         be.pxl.service.CommentServiceApplication - Running with Spring Boot v3.3.4, Spring v6.1.13
2025-01-02T14:40:36.361+0100 INFO               [main]                         be.pxl.service.CommentServiceApplication - No active profile set, falling back to 1 default profile: "default"
2025-01-02T14:40:44.018+0100 INFO               [main]                         be.pxl.service.CommentServiceApplication - Started CommentServiceApplication in 9.988 seconds (process running for 10.832)
2025-01-02T14:41:15.250+0100 INFO               [http-nio-8083-exec-1]         be.pxl.service.controller.CommentController - Adding new comment
2025-01-02T14:41:15.358+0100 ERROR              [http-nio-8083-exec-1]         be.pxl.service.controller.CommentController - An error occurred while adding new comment
2025-01-02T14:41:59.524+0100 INFO               [http-nio-8083-exec-2]         be.pxl.service.controller.CommentController - Adding new comment
2025-01-02T16:10:47.465+0100 INFO               [main]                         be.pxl.service.CommentServiceApplication - Starting CommentServiceApplication using Java 21.0.2 with PID 17876 (C:\Users\ianno\Desktop\PXL_IT\3eJaar\FullstackJava\project-IanNotermansPXL\backend-java\comment-service\target\classes started by ianno in C:\Users\ianno\Desktop\PXL_IT\3eJaar\FullstackJava\project-IanNotermansPXL\backend-java)
2025-01-02T16:10:47.467+0100 DEBUG              [main]                         be.pxl.service.CommentServiceApplication - Running with Spring Boot v3.3.4, Spring v6.1.13
2025-01-02T16:10:47.468+0100 INFO               [main]                         be.pxl.service.CommentServiceApplication - No active profile set, falling back to 1 default profile: "default"
2025-01-02T16:10:55.909+0100 INFO               [main]                         be.pxl.service.CommentServiceApplication - Started CommentServiceApplication in 10.738 seconds (process running for 11.547)
2025-01-02T16:19:29.290+0100 INFO               [main]                         be.pxl.service.CommentServiceApplication - Starting CommentServiceApplication using Java 21.0.2 with PID 25176 (C:\Users\ianno\Desktop\PXL_IT\3eJaar\FullstackJava\project-IanNotermansPXL\backend-java\comment-service\target\classes started by ianno in C:\Users\ianno\Desktop\PXL_IT\3eJaar\FullstackJava\project-IanNotermansPXL\backend-java)
2025-01-02T16:19:29.292+0100 DEBUG              [main]                         be.pxl.service.CommentServiceApplication - Running with Spring Boot v3.3.4, Spring v6.1.13
2025-01-02T16:19:29.293+0100 INFO               [main]                         be.pxl.service.CommentServiceApplication - No active profile set, falling back to 1 default profile: "default"
2025-01-02T16:19:37.001+0100 INFO               [main]                         be.pxl.service.CommentServiceApplication - Started CommentServiceApplication in 10.13 seconds (process running for 11.118)
2025-01-02T16:30:01.410+0100 INFO               [http-nio-8083-exec-1]         be.pxl.service.controller.CommentController - Getting comments by post id: 252
2025-01-02T16:37:52.961+0100 INFO               [main]                         be.pxl.service.CommentServiceApplication - Starting CommentServiceApplication using Java 21.0.2 with PID 18132 (C:\Users\ianno\Desktop\PXL_IT\3eJaar\FullstackJava\project-IanNotermansPXL\backend-java\comment-service\target\classes started by ianno in C:\Users\ianno\Desktop\PXL_IT\3eJaar\FullstackJava\project-IanNotermansPXL\backend-java)
2025-01-02T16:37:52.962+0100 DEBUG              [main]                         be.pxl.service.CommentServiceApplication - Running with Spring Boot v3.3.4, Spring v6.1.13
2025-01-02T16:37:52.963+0100 INFO               [main]                         be.pxl.service.CommentServiceApplication - No active profile set, falling back to 1 default profile: "default"
2025-01-02T16:38:00.316+0100 INFO               [main]                         be.pxl.service.CommentServiceApplication - Started CommentServiceApplication in 9.468 seconds (process running for 10.391)
2025-01-02T16:41:37.994+0100 INFO               [http-nio-8083-exec-1]         be.pxl.service.controller.CommentController - Getting comments by post id: 252
