2025-01-02T14:27:38.665+0100 INFO               [main]                         be.pxl.service.PostServiceApplication - Starting PostServiceApplication using Java 21.0.2 with PID 39692 (C:\Users\ianno\Desktop\PXL_IT\3eJaar\FullstackJava\project-IanNotermansPXL\backend-java\post-service\target\classes started by ianno in C:\Users\ianno\Desktop\PXL_IT\3eJaar\FullstackJava\project-IanNotermansPXL\backend-java)
2025-01-02T14:27:38.668+0100 DEBUG              [main]                         be.pxl.service.PostServiceApplication - Running with Spring Boot v3.3.4, Spring v6.1.13
2025-01-02T14:27:38.669+0100 INFO               [main]                         be.pxl.service.PostServiceApplication - No active profile set, falling back to 1 default profile: "default"
2025-01-02T14:27:48.897+0100 INFO               [main]                         be.pxl.service.PostServiceApplication - Started PostServiceApplication in 12.625 seconds (process running for 13.648)
2025-01-02T14:30:46.104+0100 INFO               [http-nio-8082-exec-2]         be.pxl.service.controller.PostController - User: user is not authorized get Posts
2025-01-02T14:31:02.469+0100 INFO               [http-nio-8082-exec-3]         be.pxl.service.controller.PostController - Getting all posts
2025-01-02T14:32:06.827+0100 INFO               [http-nio-8082-exec-5]         be.pxl.service.controller.PostController - Getting post by id: 252
2025-01-02T14:35:46.511+0100 INFO               [http-nio-8082-exec-7]         be.pxl.service.controller.PostController - Getting post by id: 252
2025-01-02T14:35:52.352+0100 INFO               [http-nio-8082-exec-8]         be.pxl.service.controller.PostController - Getting post by id: 252
2025-01-02T14:41:15.345+0100 INFO               [http-nio-8082-exec-10]        be.pxl.service.controller.PostController - Getting post by id: 2
2025-01-02T14:41:15.351+0100 INFO               [http-nio-8082-exec-10]        be.pxl.service.controller.PostController - Post with id: 2 not found
2025-01-02T14:41:59.527+0100 INFO               [http-nio-8082-exec-1]         be.pxl.service.controller.PostController - Getting post by id: 252
2025-01-02T15:05:16.300+0100 INFO               [main]                         be.pxl.service.PostServiceApplication - Starting PostServiceApplication using Java 21.0.2 with PID 37308 (C:\Users\ianno\Desktop\PXL_IT\3eJaar\FullstackJava\project-IanNotermansPXL\backend-java\post-service\target\classes started by ianno in C:\Users\ianno\Desktop\PXL_IT\3eJaar\FullstackJava\project-IanNotermansPXL\backend-java)
2025-01-02T15:05:16.302+0100 DEBUG              [main]                         be.pxl.service.PostServiceApplication - Running with Spring Boot v3.3.4, Spring v6.1.13
2025-01-02T15:05:16.303+0100 INFO               [main]                         be.pxl.service.PostServiceApplication - No active profile set, falling back to 1 default profile: "default"
2025-01-02T16:10:45.330+0100 INFO               [main]                         be.pxl.service.PostServiceApplication - Starting PostServiceApplication using Java 21.0.2 with PID 29788 (C:\Users\ianno\Desktop\PXL_IT\3eJaar\FullstackJava\project-IanNotermansPXL\backend-java\post-service\target\classes started by ianno in C:\Users\ianno\Desktop\PXL_IT\3eJaar\FullstackJava\project-IanNotermansPXL\backend-java)
2025-01-02T16:10:45.332+0100 DEBUG              [main]                         be.pxl.service.PostServiceApplication - Running with Spring Boot v3.3.4, Spring v6.1.13
2025-01-02T16:10:45.333+0100 INFO               [main]                         be.pxl.service.PostServiceApplication - No active profile set, falling back to 1 default profile: "default"
2025-01-02T16:19:21.877+0100 INFO               [main]                         be.pxl.service.PostServiceApplication - Starting PostServiceApplication using Java 21.0.2 with PID 29896 (C:\Users\ianno\Desktop\PXL_IT\3eJaar\FullstackJava\project-IanNotermansPXL\backend-java\post-service\target\classes started by ianno in C:\Users\ianno\Desktop\PXL_IT\3eJaar\FullstackJava\project-IanNotermansPXL\backend-java)
2025-01-02T16:19:21.880+0100 DEBUG              [main]                         be.pxl.service.PostServiceApplication - Running with Spring Boot v3.3.4, Spring v6.1.13
2025-01-02T16:19:21.881+0100 INFO               [main]                         be.pxl.service.PostServiceApplication - No active profile set, falling back to 1 default profile: "default"
2025-01-02T16:22:25.786+0100 INFO               [main]                         be.pxl.service.PostServiceApplication - Starting PostServiceApplication using Java 21.0.2 with PID 9016 (C:\Users\ianno\Desktop\PXL_IT\3eJaar\FullstackJava\project-IanNotermansPXL\backend-java\post-service\target\classes started by ianno in C:\Users\ianno\Desktop\PXL_IT\3eJaar\FullstackJava\project-IanNotermansPXL\backend-java)
2025-01-02T16:22:25.788+0100 DEBUG              [main]                         be.pxl.service.PostServiceApplication - Running with Spring Boot v3.3.4, Spring v6.1.13
2025-01-02T16:22:25.789+0100 INFO               [main]                         be.pxl.service.PostServiceApplication - No active profile set, falling back to 1 default profile: "default"
2025-01-02T16:22:34.169+0100 INFO               [main]                         be.pxl.service.PostServiceApplication - Started PostServiceApplication in 10.466 seconds (process running for 11.373)
2025-01-02T16:27:28.125+0100 INFO               [main]                         be.pxl.service.PostServiceApplication - Starting PostServiceApplication using Java 21.0.2 with PID 33036 (C:\Users\ianno\Desktop\PXL_IT\3eJaar\FullstackJava\project-IanNotermansPXL\backend-java\post-service\target\classes started by ianno in C:\Users\ianno\Desktop\PXL_IT\3eJaar\FullstackJava\project-IanNotermansPXL\backend-java)
2025-01-02T16:27:28.127+0100 DEBUG              [main]                         be.pxl.service.PostServiceApplication - Running with Spring Boot v3.3.4, Spring v6.1.13
2025-01-02T16:27:28.128+0100 INFO               [main]                         be.pxl.service.PostServiceApplication - No active profile set, falling back to 1 default profile: "default"
2025-01-02T16:27:36.798+0100 INFO               [main]                         be.pxl.service.PostServiceApplication - Started PostServiceApplication in 11.059 seconds (process running for 12.035)
2025-01-02T16:30:01.116+0100 INFO               [http-nio-8082-exec-1]         be.pxl.service.controller.PostController - Getting all published posts
2025-01-02T16:30:01.499+0100 INFO               [http-nio-8082-exec-2]         be.pxl.service.controller.PostController - Getting post by id: 252
2025-01-02T16:41:37.860+0100 INFO               [http-nio-8082-exec-5]         be.pxl.service.controller.PostController - Getting all published posts
2025-01-02T16:41:38.106+0100 INFO               [http-nio-8082-exec-6]         be.pxl.service.controller.PostController - Getting post by id: 252
