2025-01-02T14:27:44.555+0100 INFO               [main]                         be.pxl.service.ReviewServiceApplication - Starting ReviewServiceApplication using Java 21.0.2 with PID 50960 (C:\Users\ianno\Desktop\PXL_IT\3eJaar\FullstackJava\project-IanNotermansPXL\backend-java\review-service\target\classes started by ianno in C:\Users\ianno\Desktop\PXL_IT\3eJaar\FullstackJava\project-IanNotermansPXL\backend-java)
2025-01-02T14:27:44.558+0100 DEBUG              [main]                         be.pxl.service.ReviewServiceApplication - Running with Spring Boot v3.3.4, Spring v6.1.13
2025-01-02T14:27:44.559+0100 INFO               [main]                         be.pxl.service.ReviewServiceApplication - No active profile set, falling back to 1 default profile: "default"
2025-01-02T14:27:53.780+0100 INFO               [main]                         be.pxl.service.ReviewServiceApplication - Started ReviewServiceApplication in 11.557 seconds (process running for 12.489)
2025-01-02T16:10:50.246+0100 INFO               [main]                         be.pxl.service.ReviewServiceApplication - Starting ReviewServiceApplication using Java 21.0.2 with PID 21696 (C:\Users\ianno\Desktop\PXL_IT\3eJaar\FullstackJava\project-IanNotermansPXL\backend-java\review-service\target\classes started by ianno in C:\Users\ianno\Desktop\PXL_IT\3eJaar\FullstackJava\project-IanNotermansPXL\backend-java)
2025-01-02T16:10:50.248+0100 DEBUG              [main]                         be.pxl.service.ReviewServiceApplication - Running with Spring Boot v3.3.4, Spring v6.1.13
2025-01-02T16:10:50.249+0100 INFO               [main]                         be.pxl.service.ReviewServiceApplication - No active profile set, falling back to 1 default profile: "default"
2025-01-02T16:10:58.216+0100 INFO               [main]                         be.pxl.service.ReviewServiceApplication - Started ReviewServiceApplication in 10.334 seconds (process running for 11.44)
2025-01-02T16:19:24.416+0100 INFO               [main]                         be.pxl.service.ReviewServiceApplication - Starting ReviewServiceApplication using Java 21.0.2 with PID 9376 (C:\Users\ianno\Desktop\PXL_IT\3eJaar\FullstackJava\project-IanNotermansPXL\backend-java\review-service\target\classes started by ianno in C:\Users\ianno\Desktop\PXL_IT\3eJaar\FullstackJava\project-IanNotermansPXL\backend-java)
2025-01-02T16:19:24.419+0100 DEBUG              [main]                         be.pxl.service.ReviewServiceApplication - Running with Spring Boot v3.3.4, Spring v6.1.13
2025-01-02T16:19:24.420+0100 INFO               [main]                         be.pxl.service.ReviewServiceApplication - No active profile set, falling back to 1 default profile: "default"
2025-01-02T16:19:33.448+0100 INFO               [main]                         be.pxl.service.ReviewServiceApplication - Started ReviewServiceApplication in 11.159 seconds (process running for 12.215)
2025-01-02T21:07:20.452+0100 INFO               [http-nio-8084-exec-3]         be.pxl.service.services.ReviewService - Finding post with id: 402
2025-01-02T21:07:20.644+0100 INFO               [http-nio-8084-exec-3]         be.pxl.service.services.ReviewService - Post with id: 402 found
2025-01-02T21:07:48.999+0100 INFO               [http-nio-8084-exec-4]         be.pxl.service.services.ReviewService - Finding post with id: 403
2025-01-02T21:07:49.020+0100 INFO               [http-nio-8084-exec-4]         be.pxl.service.services.ReviewService - Post with id: 403 found
2025-01-02T21:10:16.357+0100 INFO               [http-nio-8084-exec-6]         be.pxl.service.services.ReviewService - Finding post with id: 404
2025-01-02T21:10:16.392+0100 INFO               [http-nio-8084-exec-6]         be.pxl.service.services.ReviewService - Post with id: 404 found
2025-01-02T21:10:26.048+0100 INFO               [http-nio-8084-exec-7]         be.pxl.service.services.ReviewService - Finding post with id: 405
2025-01-02T21:10:26.082+0100 INFO               [http-nio-8084-exec-7]         be.pxl.service.services.ReviewService - Post with id: 405 found
2025-01-08T09:41:40.680+0100 INFO               [main]                         be.pxl.service.ReviewServiceApplication - Starting ReviewServiceApplication using Java 21.0.2 with PID 37456 (C:\Users\ianno\Desktop\PXL_IT\3eJaar\FullstackJava\project-IanNotermansPXL\backend-java\review-service\target\classes started by ianno in C:\Users\ianno\Desktop\PXL_IT\3eJaar\FullstackJava\project-IanNotermansPXL\backend-java)
2025-01-08T09:41:40.711+0100 DEBUG              [main]                         be.pxl.service.ReviewServiceApplication - Running with Spring Boot v3.3.4, Spring v6.1.13
2025-01-08T09:41:40.712+0100 INFO               [main]                         be.pxl.service.ReviewServiceApplication - No active profile set, falling back to 1 default profile: "default"
2025-01-08T09:41:49.732+0100 INFO               [main]                         be.pxl.service.ReviewServiceApplication - Started ReviewServiceApplication in 12.142 seconds (process running for 12.992)
2025-01-08T12:11:00.818+0100 INFO               [main]                         be.pxl.service.ReviewServiceApplication - Starting ReviewServiceApplication using Java 21.0.2 with PID 6780 (C:\Users\ianno\Desktop\PXL_IT\3eJaar\FullstackJava\project-IanNotermansPXL\backend-java\review-service\target\classes started by ianno in C:\Users\ianno\Desktop\PXL_IT\3eJaar\FullstackJava\project-IanNotermansPXL\backend-java)
2025-01-08T12:11:00.820+0100 DEBUG              [main]                         be.pxl.service.ReviewServiceApplication - Running with Spring Boot v3.3.4, Spring v6.1.13
2025-01-08T12:11:00.821+0100 INFO               [main]                         be.pxl.service.ReviewServiceApplication - No active profile set, falling back to 1 default profile: "default"
2025-01-08T12:11:09.018+0100 INFO               [main]                         be.pxl.service.ReviewServiceApplication - Started ReviewServiceApplication in 10.307 seconds (process running for 11.139)
2025-01-08T15:12:56.399+0100 INFO               [main]                         be.pxl.service.ReviewServiceApplication - Starting ReviewServiceApplication using Java 21.0.2 with PID 22616 (C:\Users\ianno\Desktop\PXL_IT\3eJaar\FullstackJava\project-IanNotermansPXL\backend-java\review-service\target\classes started by ianno in C:\Users\ianno\Desktop\PXL_IT\3eJaar\FullstackJava\project-IanNotermansPXL\backend-java)
2025-01-08T15:12:56.401+0100 DEBUG              [main]                         be.pxl.service.ReviewServiceApplication - Running with Spring Boot v3.3.4, Spring v6.1.13
2025-01-08T15:12:56.402+0100 INFO               [main]                         be.pxl.service.ReviewServiceApplication - No active profile set, falling back to 1 default profile: "default"
2025-01-08T15:13:03.807+0100 INFO               [main]                         be.pxl.service.ReviewServiceApplication - Started ReviewServiceApplication in 9.398 seconds (process running for 10.323)
2025-01-08T15:26:46.837+0100 INFO               [main]                         be.pxl.service.ReviewServiceApplication - Starting ReviewServiceApplication using Java 21.0.2 with PID 23188 (C:\Users\ianno\Desktop\PXL_IT\3eJaar\FullstackJava\project-IanNotermansPXL\backend-java\review-service\target\classes started by ianno in C:\Users\ianno\Desktop\PXL_IT\3eJaar\FullstackJava\project-IanNotermansPXL\backend-java)
2025-01-08T15:26:46.839+0100 DEBUG              [main]                         be.pxl.service.ReviewServiceApplication - Running with Spring Boot v3.3.4, Spring v6.1.13
2025-01-08T15:26:46.839+0100 INFO               [main]                         be.pxl.service.ReviewServiceApplication - No active profile set, falling back to 1 default profile: "default"
2025-01-08T15:26:54.290+0100 INFO               [main]                         be.pxl.service.ReviewServiceApplication - Started ReviewServiceApplication in 9.645 seconds (process running for 10.751)
2025-01-08T15:38:52.086+0100 INFO               [main]                         be.pxl.service.ReviewServiceApplication - Starting ReviewServiceApplication using Java 21.0.2 with PID 13984 (C:\Users\ianno\Desktop\PXL_IT\3eJaar\FullstackJava\project-IanNotermansPXL\backend-java\review-service\target\classes started by ianno in C:\Users\ianno\Desktop\PXL_IT\3eJaar\FullstackJava\project-IanNotermansPXL\backend-java)
2025-01-08T15:38:52.088+0100 DEBUG              [main]                         be.pxl.service.ReviewServiceApplication - Running with Spring Boot v3.3.4, Spring v6.1.13
2025-01-08T15:38:52.088+0100 INFO               [main]                         be.pxl.service.ReviewServiceApplication - No active profile set, falling back to 1 default profile: "default"
2025-01-08T15:38:59.668+0100 INFO               [main]                         be.pxl.service.ReviewServiceApplication - Started ReviewServiceApplication in 9.802 seconds (process running for 10.767)
2025-01-08T15:39:38.709+0100 INFO               [main]                         be.pxl.service.ReviewServiceApplication - Starting ReviewServiceApplication using Java 21.0.2 with PID 21816 (C:\Users\ianno\Desktop\PXL_IT\3eJaar\FullstackJava\project-IanNotermansPXL\backend-java\review-service\target\classes started by ianno in C:\Users\ianno\Desktop\PXL_IT\3eJaar\FullstackJava\project-IanNotermansPXL\backend-java)
2025-01-08T15:39:38.713+0100 DEBUG              [main]                         be.pxl.service.ReviewServiceApplication - Running with Spring Boot v3.3.4, Spring v6.1.13
2025-01-08T15:39:38.714+0100 INFO               [main]                         be.pxl.service.ReviewServiceApplication - No active profile set, falling back to 1 default profile: "default"
2025-01-08T15:39:47.075+0100 INFO               [main]                         be.pxl.service.ReviewServiceApplication - Started ReviewServiceApplication in 10.942 seconds (process running for 11.844)
